2025-09-11 00:57:13,731 INFO 5944 [egg:logger] init all loggers with options: {"dir":"e:\\YSY\\UG\\backend\\logs\\ug-backend","encoding":"utf8","env":"local","level":"INFO","consoleLevel":"INFO","disableConsoleAfterReady":false,"outputJSON":false,"buffer":true,"appLogName":"ug-backend-web.log","coreLogName":"egg-web.log","agentLogName":"egg-agent.log","errorLogName":"common-error.log","coreLogger":{"consoleLevel":"WARN"},"allowDebugAtProd":false,"enablePerformanceTimer":false,"enableFastContextLogger":false,"type":"application","localStorage":{"enabled":false}}
2025-09-11 00:57:13,731 INFO 5944 [egg-multipart] stream mode enable
2025-09-11 00:57:15,685 INFO 5944 [egg-static] starting static serve /public/ -> e:\YSY\UG\backend\app\public
2025-09-11 00:57:15,696 INFO 5944 [egg-security] use methodnoallow middleware
2025-09-11 00:57:15,699 INFO 5944 [egg-security] use noopen middleware
2025-09-11 00:57:15,714 INFO 5944 [egg-security] use nosniff middleware
2025-09-11 00:57:15,716 INFO 5944 [egg-security] use xssProtection middleware
2025-09-11 00:57:15,718 INFO 5944 [egg-security] use xframe middleware
2025-09-11 00:57:15,721 INFO 5944 [egg-security] use dta middleware
2025-09-11 00:57:15,721 INFO 5944 [egg-security] compose 6 middlewares into one security middleware
2025-09-11 00:57:16,072 INFO 5944 [egg:core] dump config after load, 23ms
2025-09-11 00:57:16,254 INFO 5944 [egg-watcher:application] watcher start success
2025-09-11 00:57:16,326 INFO 5944 egg start timeline:
▇▇▇▇▇▇▇▇▇▇▇▇▇▇▇▇▇▇ [5372ms] - #0 Process Start
                  ▇▇▇▇▇▇▇▇▇▇▇▇▇▇▇▇▇▇▇▇▇▇▇▇▇▇▇▇▇▇▇ [9138ms] - #1 Application Start
                  ▇ [112ms] - #2 Load Plugin
                   ▇▇▇▇▇▇▇▇▇▇▇▇▇▇▇▇▇ [5205ms] - #3 Load Config
                   ▇▇▇▇▇▇▇▇▇▇▇▇▇▇▇▇▇ [4958ms] - #4 Require(0) config/config.default.ts
                                    ▇ [74ms] - #5 Require(1) config/config.local.ts
                                    ▇ [2ms] - #6 Require(2) E:/YSY/UG/node_modules/.pnpm/egg-session@3.3.0/node_modules/egg-session/config/config.default.js
                                    ▇ [4ms] - #7 Require(3) E:/YSY/UG/node_modules/.pnpm/egg-security@3.7.0/node_modules/egg-security/config/config.default.js
                                    ▇ [16ms] - #8 Require(4) E:/YSY/UG/node_modules/.pnpm/egg-jsonp@2.0.0/node_modules/egg-jsonp/config/config.default.js
                                    ▇ [2ms] - #9 Require(5) E:/YSY/UG/node_modules/.pnpm/egg-onerror@2.4.0/node_modules/egg-onerror/config/config.default.js
                                    ▇ [1ms] - #10 Require(6) E:/YSY/UG/node_modules/.pnpm/egg-i18n@2.1.1/node_modules/egg-i18n/config/config.default.js
                                    ▇ [1ms] - #11 Require(7) E:/YSY/UG/node_modules/.pnpm/egg-watcher@3.1.1/node_modules/egg-watcher/config/config.default.js
                                    ▇ [2ms] - #12 Require(8) E:/YSY/UG/node_modules/.pnpm/egg-schedule@4.0.1/node_modules/egg-schedule/config/config.default.js
                                    ▇ [2ms] - #13 Require(9) E:/YSY/UG/node_modules/.pnpm/egg-multipart@3.5.0/node_modules/egg-multipart/config/config.default.js
                                    ▇ [2ms] - #14 Require(10) E:/YSY/UG/node_modules/.pnpm/egg-development@3.0.2/node_modules/egg-development/config/config.default.js
                                    ▇ [2ms] - #15 Require(11) E:/YSY/UG/node_modules/.pnpm/egg-logrotator@3.2.0/node_modules/egg-logrotator/config/config.default.js
                                    ▇ [2ms] - #16 Require(12) E:/YSY/UG/node_modules/.pnpm/egg-static@2.3.1/node_modules/egg-static/config/config.default.js
                                    ▇ [1ms] - #17 Require(13) E:/YSY/UG/node_modules/.pnpm/egg-view@2.1.4/node_modules/egg-view/config/config.default.js
                                    ▇ [1ms] - #18 Require(14) E:/YSY/UG/node_modules/.pnpm/egg-sequelize@5.2.2/node_modules/egg-sequelize/config/config.default.js
                                    ▇ [1ms] - #19 Require(15) E:/YSY/UG/node_modules/.pnpm/egg-jwt@3.1.7/node_modules/egg-jwt/config/config.default.js
                                    ▇ [4ms] - #20 Require(16) E:/YSY/UG/node_modules/.pnpm/egg-cors@3.0.1/node_modules/egg-cors/config/config.default.js
                                    ▇ [1ms] - #21 Require(17) E:/YSY/UG/node_modules/.pnpm/egg-validate@2.0.2/node_modules/egg-validate/config/config.default.js
                                    ▇ [1ms] - #22 Require(18) E:/YSY/UG/node_modules/.pnpm/egg@3.31.0/node_modules/egg/config/config.default.js
                                    ▇ [0ms] - #23 Require(19) config/config.default.ts
                                    ▇ [1ms] - #24 Require(20) E:/YSY/UG/node_modules/.pnpm/egg-security@3.7.0/node_modules/egg-security/config/config.local.js
                                    ▇ [1ms] - #25 Require(21) E:/YSY/UG/node_modules/.pnpm/egg-watcher@3.1.1/node_modules/egg-watcher/config/config.local.js
                                    ▇ [1ms] - #26 Require(22) E:/YSY/UG/node_modules/.pnpm/egg-view@2.1.4/node_modules/egg-view/config/config.local.js
                                    ▇ [1ms] - #27 Require(23) E:/YSY/UG/node_modules/.pnpm/egg@3.31.0/node_modules/egg/config/config.local.js
                                    ▇ [0ms] - #28 Require(24) config/config.local.ts
                                    ▇ [301ms] - #29 Load extend/application.js
                                    ▇ [6ms] - #30 Require(25) E:/YSY/UG/node_modules/.pnpm/egg-session@3.3.0/node_modules/egg-session/app/extend/application.js
                                    ▇ [6ms] - #31 Require(26) E:/YSY/UG/node_modules/.pnpm/egg-security@3.7.0/node_modules/egg-security/app/extend/application.js
                                     ▇ [19ms] - #32 Require(27) E:/YSY/UG/node_modules/.pnpm/egg-jsonp@2.0.0/node_modules/egg-jsonp/app/extend/application.js
                                     ▇ [12ms] - #33 Require(28) E:/YSY/UG/node_modules/.pnpm/egg-schedule@4.0.1/node_modules/egg-schedule/app/extend/application.js
                                     ▇ [7ms] - #34 Require(29) E:/YSY/UG/node_modules/.pnpm/egg-logrotator@3.2.0/node_modules/egg-logrotator/app/extend/application.js
                                     ▇ [7ms] - #35 Require(30) E:/YSY/UG/node_modules/.pnpm/egg-view@2.1.4/node_modules/egg-view/app/extend/application.js
                                     ▇ [209ms] - #36 Require(31) E:/YSY/UG/node_modules/.pnpm/egg-jwt@3.1.7/node_modules/egg-jwt/app/extend/application.js
                                     ▇ [40ms] - #37 Load extend/request.js
                                      ▇ [5ms] - #38 Require(32) E:/YSY/UG/node_modules/.pnpm/egg@3.31.0/node_modules/egg/app/extend/request.js
                                      ▇ [61ms] - #39 Load extend/response.js
                                      ▇ [12ms] - #40 Require(33) E:/YSY/UG/node_modules/.pnpm/egg@3.31.0/node_modules/egg/app/extend/response.js
                                      ▇ [185ms] - #41 Load extend/context.js
                                      ▇ [57ms] - #42 Require(34) E:/YSY/UG/node_modules/.pnpm/egg-security@3.7.0/node_modules/egg-security/app/extend/context.js
                                      ▇ [6ms] - #43 Require(35) E:/YSY/UG/node_modules/.pnpm/egg-jsonp@2.0.0/node_modules/egg-jsonp/app/extend/context.js
                                      ▇ [1ms] - #44 Require(36) E:/YSY/UG/node_modules/.pnpm/egg-i18n@2.1.1/node_modules/egg-i18n/app/extend/context.js
                                      ▇ [77ms] - #45 Require(37) E:/YSY/UG/node_modules/.pnpm/egg-multipart@3.5.0/node_modules/egg-multipart/app/extend/context.js
                                      ▇ [3ms] - #46 Require(38) E:/YSY/UG/node_modules/.pnpm/egg-view@2.1.4/node_modules/egg-view/app/extend/context.js
                                      ▇ [1ms] - #47 Require(39) E:/YSY/UG/node_modules/.pnpm/egg-validate@2.0.2/node_modules/egg-validate/app/extend/context.js
                                      ▇ [7ms] - #48 Require(40) E:/YSY/UG/node_modules/.pnpm/egg@3.31.0/node_modules/egg/app/extend/context.js
                                      ▇ [102ms] - #49 Load extend/helper.js
                                      ▇ [66ms] - #50 Require(41) E:/YSY/UG/node_modules/.pnpm/egg-security@3.7.0/node_modules/egg-security/app/extend/helper.js
                                       ▇ [1ms] - #51 Require(42) E:/YSY/UG/node_modules/.pnpm/egg@3.31.0/node_modules/egg/app/extend/helper.js
                                       ▇ [494ms] - #52 Load app.js
                                       ▇ [2ms] - #53 Require(43) E:/YSY/UG/node_modules/.pnpm/egg-session@3.3.0/node_modules/egg-session/app.js
                                       ▇ [8ms] - #54 Require(44) E:/YSY/UG/node_modules/.pnpm/egg-security@3.7.0/node_modules/egg-security/app.js
                                       ▇ [54ms] - #55 Require(45) E:/YSY/UG/node_modules/.pnpm/egg-onerror@2.4.0/node_modules/egg-onerror/app.js
                                       ▇ [55ms] - #56 Require(46) E:/YSY/UG/node_modules/.pnpm/egg-i18n@2.1.1/node_modules/egg-i18n/app.js
                                       ▇ [15ms] - #57 Require(47) E:/YSY/UG/node_modules/.pnpm/egg-watcher@3.1.1/node_modules/egg-watcher/app.js
                                       ▇ [2ms] - #58 Require(48) E:/YSY/UG/node_modules/.pnpm/egg-schedule@4.0.1/node_modules/egg-schedule/app.js
                                       ▇ [7ms] - #59 Require(49) E:/YSY/UG/node_modules/.pnpm/egg-multipart@3.5.0/node_modules/egg-multipart/app.js
                                       ▇ [0ms] - #60 Require(50) E:/YSY/UG/node_modules/.pnpm/egg-development@3.0.2/node_modules/egg-development/app.js
                                       ▇ [1ms] - #61 Require(51) E:/YSY/UG/node_modules/.pnpm/egg-logrotator@3.2.0/node_modules/egg-logrotator/app.js
                                       ▇ [1ms] - #62 Require(52) E:/YSY/UG/node_modules/.pnpm/egg-static@2.3.1/node_modules/egg-static/app.js
                                       ▇ [1ms] - #63 Require(53) E:/YSY/UG/node_modules/.pnpm/egg-sequelize@5.2.2/node_modules/egg-sequelize/app.js
                                       ▇ [1ms] - #64 Require(54) E:/YSY/UG/node_modules/.pnpm/egg-jwt@3.1.7/node_modules/egg-jwt/app.js
                                       ▇ [3ms] - #65 Require(55) E:/YSY/UG/node_modules/.pnpm/egg-cors@3.0.1/node_modules/egg-cors/app.js
                                       ▇ [8ms] - #66 Require(56) E:/YSY/UG/node_modules/.pnpm/egg-validate@2.0.2/node_modules/egg-validate/app.js
                                       ▇ [311ms] - #67 Require(57) app.ts
                                         ▇▇▇▇▇▇▇▇ [2505ms] - #68 Before Start in E:/YSY/UG/node_modules/.pnpm/egg-watcher@3.1.1/node_modules/egg-watcher/lib/init.js:15:14
                                             ▇ [2ms] - #69 Load "Symbol(model)" to Application
                                             ▇▇▇▇ [1172ms] - #70 Before Start in E:/YSY/UG/node_modules/.pnpm/egg-sequelize@5.2.2/node_modules/egg-sequelize/lib/loader.js:39:7
                                             ▇▇▇ [1019ms] - #71 Did Load in app.ts:didLoad
                                             ▇ [83ms] - #72 Load Service
                                             ▇ [71ms] - #73 Load "service" to Context
                                              ▇ [503ms] - #74 Load Middleware
                                              ▇ [460ms] - #75 Load "middlewares" to Application
                                               ▇ [52ms] - #76 Load Controller
                                               ▇ [52ms] - #77 Load "controller" to Application
                                                ▇ [274ms] - #78 Load Router
                                                ▇ [267ms] - #79 Require(58) app/router.ts
                                                 ▇ [109ms] - #80 Before Start in E:/YSY/UG/node_modules/.pnpm/egg-core@5.5.1/node_modules/egg-core/lib/egg.js:328:10
                                                 ▇ [0ms] - #81 Will Ready in app.ts:willReady
2025-09-11 00:57:16,326 WARN 5944 [egg:core][slow-boot-action] #1 9138ms, name: Application Start
2025-09-11 00:57:16,345 WARN 5944 [egg:core][slow-boot-action] #3 5205ms, name: Load Config
2025-09-11 00:57:16,350 INFO 5944 [egg:core] dump config after ready, 37ms
2025-09-11 01:03:19,758 INFO 9936 [egg:logger] init all loggers with options: {"dir":"e:\\YSY\\UG\\backend\\logs\\ug-backend","encoding":"utf8","env":"local","level":"INFO","consoleLevel":"INFO","disableConsoleAfterReady":false,"outputJSON":false,"buffer":true,"appLogName":"ug-backend-web.log","coreLogName":"egg-web.log","agentLogName":"egg-agent.log","errorLogName":"common-error.log","coreLogger":{"consoleLevel":"WARN"},"allowDebugAtProd":false,"enablePerformanceTimer":false,"enableFastContextLogger":false,"type":"application","localStorage":{"enabled":false}}
2025-09-11 01:03:19,758 INFO 9936 [egg-multipart] stream mode enable
2025-09-11 01:03:22,412 INFO 9936 [egg-static] starting static serve /public/ -> e:\YSY\UG\backend\app\public
2025-09-11 01:03:22,422 INFO 9936 [egg-security] use methodnoallow middleware
2025-09-11 01:03:22,425 INFO 9936 [egg-security] use noopen middleware
2025-09-11 01:03:22,438 INFO 9936 [egg-security] use nosniff middleware
2025-09-11 01:03:22,439 INFO 9936 [egg-security] use xssProtection middleware
2025-09-11 01:03:22,443 INFO 9936 [egg-security] use xframe middleware
2025-09-11 01:03:22,446 INFO 9936 [egg-security] use dta middleware
2025-09-11 01:03:22,446 INFO 9936 [egg-security] compose 6 middlewares into one security middleware
2025-09-11 01:03:22,617 INFO 9936 [egg:core] dump config after load, 14ms
2025-09-11 01:03:22,873 INFO 9936 [egg-watcher:application] watcher start success
2025-09-11 01:03:22,965 INFO 9936 egg start timeline:
▇▇▇▇▇▇▇▇▇▇▇▇▇ [4146ms] - #0 Process Start
             ▇▇▇▇▇▇▇▇▇▇▇▇▇▇▇▇▇▇▇▇▇▇▇▇▇▇▇▇▇▇▇▇▇▇▇▇ [11440ms] - #1 Application Start
             ▇ [242ms] - #2 Load Plugin
              ▇▇▇▇▇▇▇▇▇▇▇▇▇▇▇▇▇▇▇▇ [6373ms] - #3 Load Config
              ▇▇▇▇▇▇▇▇▇▇▇▇▇▇▇▇▇▇▇ [6195ms] - #4 Require(0) config/config.default.ts
                                  ▇ [64ms] - #5 Require(1) config/config.local.ts
                                  ▇ [2ms] - #6 Require(2) E:/YSY/UG/node_modules/.pnpm/egg-session@3.3.0/node_modules/egg-session/config/config.default.js
                                  ▇ [2ms] - #7 Require(3) E:/YSY/UG/node_modules/.pnpm/egg-security@3.7.0/node_modules/egg-security/config/config.default.js
                                  ▇ [2ms] - #8 Require(4) E:/YSY/UG/node_modules/.pnpm/egg-jsonp@2.0.0/node_modules/egg-jsonp/config/config.default.js
                                  ▇ [2ms] - #9 Require(5) E:/YSY/UG/node_modules/.pnpm/egg-onerror@2.4.0/node_modules/egg-onerror/config/config.default.js
                                  ▇ [2ms] - #10 Require(6) E:/YSY/UG/node_modules/.pnpm/egg-i18n@2.1.1/node_modules/egg-i18n/config/config.default.js
                                  ▇ [2ms] - #11 Require(7) E:/YSY/UG/node_modules/.pnpm/egg-watcher@3.1.1/node_modules/egg-watcher/config/config.default.js
                                  ▇ [1ms] - #12 Require(8) E:/YSY/UG/node_modules/.pnpm/egg-schedule@4.0.1/node_modules/egg-schedule/config/config.default.js
                                  ▇ [1ms] - #13 Require(9) E:/YSY/UG/node_modules/.pnpm/egg-multipart@3.5.0/node_modules/egg-multipart/config/config.default.js
                                  ▇ [1ms] - #14 Require(10) E:/YSY/UG/node_modules/.pnpm/egg-development@3.0.2/node_modules/egg-development/config/config.default.js
                                  ▇ [3ms] - #15 Require(11) E:/YSY/UG/node_modules/.pnpm/egg-logrotator@3.2.0/node_modules/egg-logrotator/config/config.default.js
                                  ▇ [1ms] - #16 Require(12) E:/YSY/UG/node_modules/.pnpm/egg-static@2.3.1/node_modules/egg-static/config/config.default.js
                                  ▇ [1ms] - #17 Require(13) E:/YSY/UG/node_modules/.pnpm/egg-view@2.1.4/node_modules/egg-view/config/config.default.js
                                  ▇ [1ms] - #18 Require(14) E:/YSY/UG/node_modules/.pnpm/egg-sequelize@5.2.2/node_modules/egg-sequelize/config/config.default.js
                                  ▇ [1ms] - #19 Require(15) E:/YSY/UG/node_modules/.pnpm/egg-jwt@3.1.7/node_modules/egg-jwt/config/config.default.js
                                  ▇ [4ms] - #20 Require(16) E:/YSY/UG/node_modules/.pnpm/egg-cors@3.0.1/node_modules/egg-cors/config/config.default.js
                                  ▇ [2ms] - #21 Require(17) E:/YSY/UG/node_modules/.pnpm/egg-validate@2.0.2/node_modules/egg-validate/config/config.default.js
                                  ▇ [1ms] - #22 Require(18) E:/YSY/UG/node_modules/.pnpm/egg@3.31.0/node_modules/egg/config/config.default.js
                                  ▇ [0ms] - #23 Require(19) config/config.default.ts
                                  ▇ [8ms] - #24 Require(20) E:/YSY/UG/node_modules/.pnpm/egg-security@3.7.0/node_modules/egg-security/config/config.local.js
                                  ▇ [1ms] - #25 Require(21) E:/YSY/UG/node_modules/.pnpm/egg-watcher@3.1.1/node_modules/egg-watcher/config/config.local.js
                                  ▇ [0ms] - #26 Require(22) E:/YSY/UG/node_modules/.pnpm/egg-view@2.1.4/node_modules/egg-view/config/config.local.js
                                  ▇ [1ms] - #27 Require(23) E:/YSY/UG/node_modules/.pnpm/egg@3.31.0/node_modules/egg/config/config.local.js
                                  ▇ [0ms] - #28 Require(24) config/config.local.ts
                                  ▇ [340ms] - #29 Load extend/application.js
                                  ▇ [1ms] - #30 Require(25) E:/YSY/UG/node_modules/.pnpm/egg-session@3.3.0/node_modules/egg-session/app/extend/application.js
                                  ▇ [7ms] - #31 Require(26) E:/YSY/UG/node_modules/.pnpm/egg-security@3.7.0/node_modules/egg-security/app/extend/application.js
                                  ▇ [19ms] - #32 Require(27) E:/YSY/UG/node_modules/.pnpm/egg-jsonp@2.0.0/node_modules/egg-jsonp/app/extend/application.js
                                  ▇ [16ms] - #33 Require(28) E:/YSY/UG/node_modules/.pnpm/egg-schedule@4.0.1/node_modules/egg-schedule/app/extend/application.js
                                  ▇ [10ms] - #34 Require(29) E:/YSY/UG/node_modules/.pnpm/egg-logrotator@3.2.0/node_modules/egg-logrotator/app/extend/application.js
                                   ▇ [8ms] - #35 Require(30) E:/YSY/UG/node_modules/.pnpm/egg-view@2.1.4/node_modules/egg-view/app/extend/application.js
                                   ▇ [223ms] - #36 Require(31) E:/YSY/UG/node_modules/.pnpm/egg-jwt@3.1.7/node_modules/egg-jwt/app/extend/application.js
                                   ▇ [59ms] - #37 Load extend/request.js
                                   ▇ [6ms] - #38 Require(32) E:/YSY/UG/node_modules/.pnpm/egg@3.31.0/node_modules/egg/app/extend/request.js
                                    ▇ [69ms] - #39 Load extend/response.js
                                    ▇ [21ms] - #40 Require(33) E:/YSY/UG/node_modules/.pnpm/egg@3.31.0/node_modules/egg/app/extend/response.js
                                    ▇ [326ms] - #41 Load extend/context.js
                                    ▇ [130ms] - #42 Require(34) E:/YSY/UG/node_modules/.pnpm/egg-security@3.7.0/node_modules/egg-security/app/extend/context.js
                                    ▇ [7ms] - #43 Require(35) E:/YSY/UG/node_modules/.pnpm/egg-jsonp@2.0.0/node_modules/egg-jsonp/app/extend/context.js
                                    ▇ [7ms] - #44 Require(36) E:/YSY/UG/node_modules/.pnpm/egg-i18n@2.1.1/node_modules/egg-i18n/app/extend/context.js
                                    ▇ [97ms] - #45 Require(37) E:/YSY/UG/node_modules/.pnpm/egg-multipart@3.5.0/node_modules/egg-multipart/app/extend/context.js
                                     ▇ [6ms] - #46 Require(38) E:/YSY/UG/node_modules/.pnpm/egg-view@2.1.4/node_modules/egg-view/app/extend/context.js
                                     ▇ [1ms] - #47 Require(39) E:/YSY/UG/node_modules/.pnpm/egg-validate@2.0.2/node_modules/egg-validate/app/extend/context.js
                                     ▇ [27ms] - #48 Require(40) E:/YSY/UG/node_modules/.pnpm/egg@3.31.0/node_modules/egg/app/extend/context.js
                                     ▇ [154ms] - #49 Load extend/helper.js
                                     ▇ [85ms] - #50 Require(41) E:/YSY/UG/node_modules/.pnpm/egg-security@3.7.0/node_modules/egg-security/app/extend/helper.js
                                     ▇ [1ms] - #51 Require(42) E:/YSY/UG/node_modules/.pnpm/egg@3.31.0/node_modules/egg/app/extend/helper.js
                                     ▇ [594ms] - #52 Load app.js
                                     ▇ [1ms] - #53 Require(43) E:/YSY/UG/node_modules/.pnpm/egg-session@3.3.0/node_modules/egg-session/app.js
                                     ▇ [11ms] - #54 Require(44) E:/YSY/UG/node_modules/.pnpm/egg-security@3.7.0/node_modules/egg-security/app.js
                                     ▇ [55ms] - #55 Require(45) E:/YSY/UG/node_modules/.pnpm/egg-onerror@2.4.0/node_modules/egg-onerror/app.js
                                      ▇ [62ms] - #56 Require(46) E:/YSY/UG/node_modules/.pnpm/egg-i18n@2.1.1/node_modules/egg-i18n/app.js
                                      ▇ [19ms] - #57 Require(47) E:/YSY/UG/node_modules/.pnpm/egg-watcher@3.1.1/node_modules/egg-watcher/app.js
                                      ▇ [3ms] - #58 Require(48) E:/YSY/UG/node_modules/.pnpm/egg-schedule@4.0.1/node_modules/egg-schedule/app.js
                                      ▇ [16ms] - #59 Require(49) E:/YSY/UG/node_modules/.pnpm/egg-multipart@3.5.0/node_modules/egg-multipart/app.js
                                      ▇ [1ms] - #60 Require(50) E:/YSY/UG/node_modules/.pnpm/egg-development@3.0.2/node_modules/egg-development/app.js
                                      ▇ [0ms] - #61 Require(51) E:/YSY/UG/node_modules/.pnpm/egg-logrotator@3.2.0/node_modules/egg-logrotator/app.js
                                      ▇ [1ms] - #62 Require(52) E:/YSY/UG/node_modules/.pnpm/egg-static@2.3.1/node_modules/egg-static/app.js
                                      ▇ [1ms] - #63 Require(53) E:/YSY/UG/node_modules/.pnpm/egg-sequelize@5.2.2/node_modules/egg-sequelize/app.js
                                      ▇ [0ms] - #64 Require(54) E:/YSY/UG/node_modules/.pnpm/egg-jwt@3.1.7/node_modules/egg-jwt/app.js
                                      ▇ [1ms] - #65 Require(55) E:/YSY/UG/node_modules/.pnpm/egg-cors@3.0.1/node_modules/egg-cors/app.js
                                      ▇ [15ms] - #66 Require(56) E:/YSY/UG/node_modules/.pnpm/egg-validate@2.0.2/node_modules/egg-validate/app.js
                                      ▇ [354ms] - #67 Require(57) app.ts
                                       ▇▇▇▇▇▇▇▇▇ [3094ms] - #68 Before Start in E:/YSY/UG/node_modules/.pnpm/egg-watcher@3.1.1/node_modules/egg-watcher/lib/init.js:15:14
                                              ▇ [2ms] - #69 Load "Symbol(model)" to Application
                                              ▇▇▇ [1168ms] - #70 Before Start in E:/YSY/UG/node_modules/.pnpm/egg-sequelize@5.2.2/node_modules/egg-sequelize/lib/loader.js:39:7
                                              ▇▇▇ [986ms] - #71 Did Load in app.ts:didLoad
                                              ▇ [39ms] - #72 Load Service
                                              ▇ [39ms] - #73 Load "service" to Context
                                              ▇▇ [628ms] - #74 Load Middleware
                                              ▇ [585ms] - #75 Load "middlewares" to Application
                                                ▇ [48ms] - #76 Load Controller
                                                ▇ [48ms] - #77 Load "controller" to Application
                                                ▇ [107ms] - #78 Load Router
                                                ▇ [96ms] - #79 Require(58) app/router.ts
                                                ▇ [172ms] - #80 Before Start in E:/YSY/UG/node_modules/.pnpm/egg-core@5.5.1/node_modules/egg-core/lib/egg.js:328:10
                                                 ▇ [0ms] - #81 Will Ready in app.ts:willReady
2025-09-11 01:03:22,966 WARN 9936 [egg:core][slow-boot-action] #1 11440ms, name: Application Start
2025-09-11 01:03:22,980 WARN 9936 [egg:core][slow-boot-action] #3 6373ms, name: Load Config
2025-09-11 01:03:22,980 WARN 9936 [egg:core][slow-boot-action] #4 6195ms, name: Require(0) config/config.default.ts
2025-09-11 01:03:22,980 INFO 9936 [egg:core] dump config after ready, 27ms
2025-09-11 01:03:22,236 INFO 30024 [egg:logger] init all loggers with options: {"dir":"E:\\YSY\\UG\\backend\\logs\\ug-backend","encoding":"utf8","env":"local","level":"INFO","consoleLevel":"INFO","disableConsoleAfterReady":false,"outputJSON":false,"buffer":true,"appLogName":"ug-backend-web.log","coreLogName":"egg-web.log","agentLogName":"egg-agent.log","errorLogName":"common-error.log","coreLogger":{"consoleLevel":"WARN"},"allowDebugAtProd":false,"enablePerformanceTimer":false,"enableFastContextLogger":false,"type":"application","localStorage":{"enabled":false}}
2025-09-11 01:03:22,237 INFO 30024 [egg-multipart] stream mode enable
2025-09-11 01:03:24,565 INFO 30024 [egg-static] starting static serve /public/ -> E:\YSY\UG\backend\app\public
2025-09-11 01:03:24,576 INFO 30024 [egg-security] use methodnoallow middleware
2025-09-11 01:03:24,578 INFO 30024 [egg-security] use noopen middleware
2025-09-11 01:03:24,590 INFO 30024 [egg-security] use nosniff middleware
2025-09-11 01:03:24,593 INFO 30024 [egg-security] use xssProtection middleware
2025-09-11 01:03:24,594 INFO 30024 [egg-security] use xframe middleware
2025-09-11 01:03:24,597 INFO 30024 [egg-security] use dta middleware
2025-09-11 01:03:24,597 INFO 30024 [egg-security] compose 6 middlewares into one security middleware
2025-09-11 01:03:24,736 INFO 30024 [egg:core] dump config after load, 13ms
2025-09-11 01:06:01,962 INFO 6920 [egg:logger] init all loggers with options: {"dir":"e:\\YSY\\UG\\backend\\logs\\ug-backend","encoding":"utf8","env":"local","level":"INFO","consoleLevel":"INFO","disableConsoleAfterReady":false,"outputJSON":false,"buffer":true,"appLogName":"ug-backend-web.log","coreLogName":"egg-web.log","agentLogName":"egg-agent.log","errorLogName":"common-error.log","coreLogger":{"consoleLevel":"WARN"},"allowDebugAtProd":false,"enablePerformanceTimer":false,"enableFastContextLogger":false,"type":"application","localStorage":{"enabled":false}}
2025-09-11 01:06:01,962 INFO 6920 [egg-multipart] stream mode enable
2025-09-11 01:06:03,267 INFO 6920 [egg-static] starting static serve /public/ -> e:\YSY\UG\backend\app\public
2025-09-11 01:06:03,275 INFO 6920 [egg-security] use methodnoallow middleware
2025-09-11 01:06:03,276 INFO 6920 [egg-security] use noopen middleware
2025-09-11 01:06:03,281 INFO 6920 [egg-security] use nosniff middleware
2025-09-11 01:06:03,282 INFO 6920 [egg-security] use xssProtection middleware
2025-09-11 01:06:03,283 INFO 6920 [egg-security] use xframe middleware
2025-09-11 01:06:03,285 INFO 6920 [egg-security] use dta middleware
2025-09-11 01:06:03,285 INFO 6920 [egg-security] compose 6 middlewares into one security middleware
2025-09-11 01:06:03,358 INFO 6920 [egg:core] dump config after load, 9ms
2025-09-11 01:06:03,464 INFO 6920 [egg-watcher:application] watcher start success
2025-09-11 01:06:03,510 INFO 6920 egg start timeline:
▇▇▇▇▇▇▇▇▇▇▇▇▇ [2377ms] - #0 Process Start
             ▇▇▇▇▇▇▇▇▇▇▇▇▇▇▇▇▇▇▇▇▇▇▇▇▇▇▇▇▇▇▇▇▇▇▇▇ [6402ms] - #1 Application Start
             ▇ [104ms] - #2 Load Plugin
              ▇▇▇▇▇▇▇▇▇▇▇▇▇▇▇▇▇▇▇▇▇ [3840ms] - #3 Load Config
              ▇▇▇▇▇▇▇▇▇▇▇▇▇▇▇▇▇▇▇▇▇ [3738ms] - #4 Require(0) config/config.default.ts
                                   ▇ [33ms] - #5 Require(1) config/config.local.ts
                                   ▇ [1ms] - #6 Require(2) E:/YSY/UG/node_modules/.pnpm/egg-session@3.3.0/node_modules/egg-session/config/config.default.js
                                   ▇ [1ms] - #7 Require(3) E:/YSY/UG/node_modules/.pnpm/egg-security@3.7.0/node_modules/egg-security/config/config.default.js
                                   ▇ [1ms] - #8 Require(4) E:/YSY/UG/node_modules/.pnpm/egg-jsonp@2.0.0/node_modules/egg-jsonp/config/config.default.js
                                   ▇ [1ms] - #9 Require(5) E:/YSY/UG/node_modules/.pnpm/egg-onerror@2.4.0/node_modules/egg-onerror/config/config.default.js
                                   ▇ [0ms] - #10 Require(6) E:/YSY/UG/node_modules/.pnpm/egg-i18n@2.1.1/node_modules/egg-i18n/config/config.default.js
                                   ▇ [0ms] - #11 Require(7) E:/YSY/UG/node_modules/.pnpm/egg-watcher@3.1.1/node_modules/egg-watcher/config/config.default.js
                                   ▇ [1ms] - #12 Require(8) E:/YSY/UG/node_modules/.pnpm/egg-schedule@4.0.1/node_modules/egg-schedule/config/config.default.js
                                    ▇ [0ms] - #13 Require(9) E:/YSY/UG/node_modules/.pnpm/egg-multipart@3.5.0/node_modules/egg-multipart/config/config.default.js
                                    ▇ [0ms] - #14 Require(10) E:/YSY/UG/node_modules/.pnpm/egg-development@3.0.2/node_modules/egg-development/config/config.default.js
                                    ▇ [1ms] - #15 Require(11) E:/YSY/UG/node_modules/.pnpm/egg-logrotator@3.2.0/node_modules/egg-logrotator/config/config.default.js
                                    ▇ [4ms] - #16 Require(12) E:/YSY/UG/node_modules/.pnpm/egg-static@2.3.1/node_modules/egg-static/config/config.default.js
                                    ▇ [1ms] - #17 Require(13) E:/YSY/UG/node_modules/.pnpm/egg-view@2.1.4/node_modules/egg-view/config/config.default.js
                                    ▇ [0ms] - #18 Require(14) E:/YSY/UG/node_modules/.pnpm/egg-sequelize@5.2.2/node_modules/egg-sequelize/config/config.default.js
                                    ▇ [1ms] - #19 Require(15) E:/YSY/UG/node_modules/.pnpm/egg-jwt@3.1.7/node_modules/egg-jwt/config/config.default.js
                                    ▇ [1ms] - #20 Require(16) E:/YSY/UG/node_modules/.pnpm/egg-cors@3.0.1/node_modules/egg-cors/config/config.default.js
                                    ▇ [0ms] - #21 Require(17) E:/YSY/UG/node_modules/.pnpm/egg-validate@2.0.2/node_modules/egg-validate/config/config.default.js
                                    ▇ [1ms] - #22 Require(18) E:/YSY/UG/node_modules/.pnpm/egg@3.31.0/node_modules/egg/config/config.default.js
                                    ▇ [0ms] - #23 Require(19) config/config.default.ts
                                    ▇ [1ms] - #24 Require(20) E:/YSY/UG/node_modules/.pnpm/egg-security@3.7.0/node_modules/egg-security/config/config.local.js
                                    ▇ [1ms] - #25 Require(21) E:/YSY/UG/node_modules/.pnpm/egg-watcher@3.1.1/node_modules/egg-watcher/config/config.local.js
                                    ▇ [0ms] - #26 Require(22) E:/YSY/UG/node_modules/.pnpm/egg-view@2.1.4/node_modules/egg-view/config/config.local.js
                                    ▇ [1ms] - #27 Require(23) E:/YSY/UG/node_modules/.pnpm/egg@3.31.0/node_modules/egg/config/config.local.js
                                    ▇ [0ms] - #28 Require(24) config/config.local.ts
                                    ▇ [205ms] - #29 Load extend/application.js
                                    ▇ [1ms] - #30 Require(25) E:/YSY/UG/node_modules/.pnpm/egg-session@3.3.0/node_modules/egg-session/app/extend/application.js
                                    ▇ [3ms] - #31 Require(26) E:/YSY/UG/node_modules/.pnpm/egg-security@3.7.0/node_modules/egg-security/app/extend/application.js
                                    ▇ [4ms] - #32 Require(27) E:/YSY/UG/node_modules/.pnpm/egg-jsonp@2.0.0/node_modules/egg-jsonp/app/extend/application.js
                                    ▇ [7ms] - #33 Require(28) E:/YSY/UG/node_modules/.pnpm/egg-schedule@4.0.1/node_modules/egg-schedule/app/extend/application.js
                                    ▇ [5ms] - #34 Require(29) E:/YSY/UG/node_modules/.pnpm/egg-logrotator@3.2.0/node_modules/egg-logrotator/app/extend/application.js
                                    ▇ [6ms] - #35 Require(30) E:/YSY/UG/node_modules/.pnpm/egg-view@2.1.4/node_modules/egg-view/app/extend/application.js
                                    ▇ [140ms] - #36 Require(31) E:/YSY/UG/node_modules/.pnpm/egg-jwt@3.1.7/node_modules/egg-jwt/app/extend/application.js
                                     ▇ [37ms] - #37 Load extend/request.js
                                     ▇ [8ms] - #38 Require(32) E:/YSY/UG/node_modules/.pnpm/egg@3.31.0/node_modules/egg/app/extend/request.js
                                     ▇ [29ms] - #39 Load extend/response.js
                                     ▇ [7ms] - #40 Require(33) E:/YSY/UG/node_modules/.pnpm/egg@3.31.0/node_modules/egg/app/extend/response.js
                                     ▇ [163ms] - #41 Load extend/context.js
                                     ▇ [41ms] - #42 Require(34) E:/YSY/UG/node_modules/.pnpm/egg-security@3.7.0/node_modules/egg-security/app/extend/context.js
                                      ▇ [6ms] - #43 Require(35) E:/YSY/UG/node_modules/.pnpm/egg-jsonp@2.0.0/node_modules/egg-jsonp/app/extend/context.js
                                      ▇ [1ms] - #44 Require(36) E:/YSY/UG/node_modules/.pnpm/egg-i18n@2.1.1/node_modules/egg-i18n/app/extend/context.js
                                      ▇ [72ms] - #45 Require(37) E:/YSY/UG/node_modules/.pnpm/egg-multipart@3.5.0/node_modules/egg-multipart/app/extend/context.js
                                      ▇ [4ms] - #46 Require(38) E:/YSY/UG/node_modules/.pnpm/egg-view@2.1.4/node_modules/egg-view/app/extend/context.js
                                      ▇ [2ms] - #47 Require(39) E:/YSY/UG/node_modules/.pnpm/egg-validate@2.0.2/node_modules/egg-validate/app/extend/context.js
                                      ▇ [5ms] - #48 Require(40) E:/YSY/UG/node_modules/.pnpm/egg@3.31.0/node_modules/egg/app/extend/context.js
                                      ▇ [88ms] - #49 Load extend/helper.js
                                      ▇ [55ms] - #50 Require(41) E:/YSY/UG/node_modules/.pnpm/egg-security@3.7.0/node_modules/egg-security/app/extend/helper.js
                                       ▇ [0ms] - #51 Require(42) E:/YSY/UG/node_modules/.pnpm/egg@3.31.0/node_modules/egg/app/extend/helper.js
                                       ▇ [340ms] - #52 Load app.js
                                       ▇ [1ms] - #53 Require(43) E:/YSY/UG/node_modules/.pnpm/egg-session@3.3.0/node_modules/egg-session/app.js
                                       ▇ [9ms] - #54 Require(44) E:/YSY/UG/node_modules/.pnpm/egg-security@3.7.0/node_modules/egg-security/app.js
                                       ▇ [46ms] - #55 Require(45) E:/YSY/UG/node_modules/.pnpm/egg-onerror@2.4.0/node_modules/egg-onerror/app.js
                                       ▇ [41ms] - #56 Require(46) E:/YSY/UG/node_modules/.pnpm/egg-i18n@2.1.1/node_modules/egg-i18n/app.js
                                       ▇ [17ms] - #57 Require(47) E:/YSY/UG/node_modules/.pnpm/egg-watcher@3.1.1/node_modules/egg-watcher/app.js
                                       ▇ [1ms] - #58 Require(48) E:/YSY/UG/node_modules/.pnpm/egg-schedule@4.0.1/node_modules/egg-schedule/app.js
                                       ▇ [3ms] - #59 Require(49) E:/YSY/UG/node_modules/.pnpm/egg-multipart@3.5.0/node_modules/egg-multipart/app.js
                                       ▇ [1ms] - #60 Require(50) E:/YSY/UG/node_modules/.pnpm/egg-development@3.0.2/node_modules/egg-development/app.js
                                       ▇ [1ms] - #61 Require(51) E:/YSY/UG/node_modules/.pnpm/egg-logrotator@3.2.0/node_modules/egg-logrotator/app.js
                                       ▇ [1ms] - #62 Require(52) E:/YSY/UG/node_modules/.pnpm/egg-static@2.3.1/node_modules/egg-static/app.js
                                       ▇ [1ms] - #63 Require(53) E:/YSY/UG/node_modules/.pnpm/egg-sequelize@5.2.2/node_modules/egg-sequelize/app.js
                                       ▇ [1ms] - #64 Require(54) E:/YSY/UG/node_modules/.pnpm/egg-jwt@3.1.7/node_modules/egg-jwt/app.js
                                       ▇ [1ms] - #65 Require(55) E:/YSY/UG/node_modules/.pnpm/egg-cors@3.0.1/node_modules/egg-cors/app.js
                                        ▇ [7ms] - #66 Require(56) E:/YSY/UG/node_modules/.pnpm/egg-validate@2.0.2/node_modules/egg-validate/app.js
                                        ▇ [196ms] - #67 Require(57) app.ts
                                         ▇▇▇▇▇▇▇▇ [1496ms] - #68 Before Start in E:/YSY/UG/node_modules/.pnpm/egg-watcher@3.1.1/node_modules/egg-watcher/lib/init.js:15:14
                                               ▇ [2ms] - #69 Load "Symbol(model)" to Application
                                               ▇▇ [505ms] - #70 Before Start in E:/YSY/UG/node_modules/.pnpm/egg-sequelize@5.2.2/node_modules/egg-sequelize/lib/loader.js:39:7
                                               ▇▇ [427ms] - #71 Did Load in app.ts:didLoad
                                               ▇ [28ms] - #72 Load Service
                                               ▇ [28ms] - #73 Load "service" to Context
                                               ▇ [264ms] - #74 Load Middleware
                                               ▇ [242ms] - #75 Load "middlewares" to Application
                                                ▇ [21ms] - #76 Load Controller
                                                ▇ [21ms] - #77 Load "controller" to Application
                                                ▇ [40ms] - #78 Load Router
                                                ▇ [37ms] - #79 Require(58) app/router.ts
                                                 ▇ [73ms] - #80 Before Start in E:/YSY/UG/node_modules/.pnpm/egg-core@5.5.1/node_modules/egg-core/lib/egg.js:328:10
                                                 ▇ [0ms] - #81 Will Ready in app.ts:willReady
2025-09-11 01:06:03,510 WARN 6920 [egg:core][slow-boot-action] #1 6402ms, name: Application Start
2025-09-11 01:06:03,510 INFO 6920 [egg:core] dump config after ready, 9ms
2025-09-11 01:31:54,332 INFO 30016 [egg:logger] init all loggers with options: {"dir":"e:\\YSY\\UG\\backend\\logs\\ug-backend","encoding":"utf8","env":"local","level":"INFO","consoleLevel":"INFO","disableConsoleAfterReady":false,"outputJSON":false,"buffer":true,"appLogName":"ug-backend-web.log","coreLogName":"egg-web.log","agentLogName":"egg-agent.log","errorLogName":"common-error.log","coreLogger":{"consoleLevel":"WARN"},"allowDebugAtProd":false,"enablePerformanceTimer":false,"enableFastContextLogger":false,"type":"application","localStorage":{"enabled":false}}
2025-09-11 01:31:54,333 INFO 30016 [egg-multipart] stream mode enable
2025-09-11 01:31:55,684 INFO 30016 [egg-static] starting static serve /public/ -> e:\YSY\UG\backend\app\public
2025-09-11 01:31:55,692 INFO 30016 [egg-security] use methodnoallow middleware
2025-09-11 01:31:55,694 INFO 30016 [egg-security] use noopen middleware
2025-09-11 01:31:55,702 INFO 30016 [egg-security] use nosniff middleware
2025-09-11 01:31:55,705 INFO 30016 [egg-security] use xssProtection middleware
2025-09-11 01:31:55,707 INFO 30016 [egg-security] use xframe middleware
2025-09-11 01:31:55,709 INFO 30016 [egg-security] use dta middleware
2025-09-11 01:31:55,709 INFO 30016 [egg-security] compose 6 middlewares into one security middleware
2025-09-11 01:31:55,810 INFO 30016 [egg:core] dump config after load, 14ms
2025-09-11 01:31:56,004 INFO 30016 [egg-watcher:application] watcher start success
2025-09-11 01:31:56,058 INFO 30016 egg start timeline:
▇▇▇▇▇▇▇▇▇▇▇▇▇▇ [2768ms] - #0 Process Start
              ▇▇▇▇▇▇▇▇▇▇▇▇▇▇▇▇▇▇▇▇▇▇▇▇▇▇▇▇▇▇▇▇▇▇▇ [6497ms] - #1 Application Start
               ▇ [111ms] - #2 Load Plugin
               ▇▇▇▇▇▇▇▇▇▇▇▇▇▇▇▇▇▇▇▇▇ [3930ms] - #3 Load Config
               ▇▇▇▇▇▇▇▇▇▇▇▇▇▇▇▇▇▇▇▇ [3853ms] - #4 Require(0) config/config.default.ts
                                    ▇ [23ms] - #5 Require(1) config/config.local.ts
                                    ▇ [2ms] - #6 Require(2) E:/YSY/UG/node_modules/.pnpm/egg-session@3.3.0/node_modules/egg-session/config/config.default.js
                                    ▇ [1ms] - #7 Require(3) E:/YSY/UG/node_modules/.pnpm/egg-security@3.7.0/node_modules/egg-security/config/config.default.js
                                    ▇ [1ms] - #8 Require(4) E:/YSY/UG/node_modules/.pnpm/egg-jsonp@2.0.0/node_modules/egg-jsonp/config/config.default.js
                                    ▇ [0ms] - #9 Require(5) E:/YSY/UG/node_modules/.pnpm/egg-onerror@2.4.0/node_modules/egg-onerror/config/config.default.js
                                    ▇ [1ms] - #10 Require(6) E:/YSY/UG/node_modules/.pnpm/egg-i18n@2.1.1/node_modules/egg-i18n/config/config.default.js
                                    ▇ [1ms] - #11 Require(7) E:/YSY/UG/node_modules/.pnpm/egg-watcher@3.1.1/node_modules/egg-watcher/config/config.default.js
                                    ▇ [1ms] - #12 Require(8) E:/YSY/UG/node_modules/.pnpm/egg-schedule@4.0.1/node_modules/egg-schedule/config/config.default.js
                                    ▇ [1ms] - #13 Require(9) E:/YSY/UG/node_modules/.pnpm/egg-multipart@3.5.0/node_modules/egg-multipart/config/config.default.js
                                    ▇ [2ms] - #14 Require(10) E:/YSY/UG/node_modules/.pnpm/egg-development@3.0.2/node_modules/egg-development/config/config.default.js
                                    ▇ [0ms] - #15 Require(11) E:/YSY/UG/node_modules/.pnpm/egg-logrotator@3.2.0/node_modules/egg-logrotator/config/config.default.js
                                    ▇ [0ms] - #16 Require(12) E:/YSY/UG/node_modules/.pnpm/egg-static@2.3.1/node_modules/egg-static/config/config.default.js
                                    ▇ [1ms] - #17 Require(13) E:/YSY/UG/node_modules/.pnpm/egg-view@2.1.4/node_modules/egg-view/config/config.default.js
                                    ▇ [1ms] - #18 Require(14) E:/YSY/UG/node_modules/.pnpm/egg-sequelize@5.2.2/node_modules/egg-sequelize/config/config.default.js
                                    ▇ [1ms] - #19 Require(15) E:/YSY/UG/node_modules/.pnpm/egg-jwt@3.1.7/node_modules/egg-jwt/config/config.default.js
                                    ▇ [0ms] - #20 Require(16) E:/YSY/UG/node_modules/.pnpm/egg-cors@3.0.1/node_modules/egg-cors/config/config.default.js
                                    ▇ [1ms] - #21 Require(17) E:/YSY/UG/node_modules/.pnpm/egg-validate@2.0.2/node_modules/egg-validate/config/config.default.js
                                    ▇ [1ms] - #22 Require(18) E:/YSY/UG/node_modules/.pnpm/egg@3.31.0/node_modules/egg/config/config.default.js
                                    ▇ [0ms] - #23 Require(19) config/config.default.ts
                                    ▇ [1ms] - #24 Require(20) E:/YSY/UG/node_modules/.pnpm/egg-security@3.7.0/node_modules/egg-security/config/config.local.js
                                    ▇ [0ms] - #25 Require(21) E:/YSY/UG/node_modules/.pnpm/egg-watcher@3.1.1/node_modules/egg-watcher/config/config.local.js
                                    ▇ [1ms] - #26 Require(22) E:/YSY/UG/node_modules/.pnpm/egg-view@2.1.4/node_modules/egg-view/config/config.local.js
                                    ▇ [0ms] - #27 Require(23) E:/YSY/UG/node_modules/.pnpm/egg@3.31.0/node_modules/egg/config/config.local.js
                                    ▇ [0ms] - #28 Require(24) config/config.local.ts
                                    ▇ [159ms] - #29 Load extend/application.js
                                    ▇ [2ms] - #30 Require(25) E:/YSY/UG/node_modules/.pnpm/egg-session@3.3.0/node_modules/egg-session/app/extend/application.js
                                    ▇ [3ms] - #31 Require(26) E:/YSY/UG/node_modules/.pnpm/egg-security@3.7.0/node_modules/egg-security/app/extend/application.js
                                    ▇ [4ms] - #32 Require(27) E:/YSY/UG/node_modules/.pnpm/egg-jsonp@2.0.0/node_modules/egg-jsonp/app/extend/application.js
                                     ▇ [8ms] - #33 Require(28) E:/YSY/UG/node_modules/.pnpm/egg-schedule@4.0.1/node_modules/egg-schedule/app/extend/application.js
                                     ▇ [4ms] - #34 Require(29) E:/YSY/UG/node_modules/.pnpm/egg-logrotator@3.2.0/node_modules/egg-logrotator/app/extend/application.js
                                     ▇ [4ms] - #35 Require(30) E:/YSY/UG/node_modules/.pnpm/egg-view@2.1.4/node_modules/egg-view/app/extend/application.js
                                     ▇ [111ms] - #36 Require(31) E:/YSY/UG/node_modules/.pnpm/egg-jwt@3.1.7/node_modules/egg-jwt/app/extend/application.js
                                     ▇ [24ms] - #37 Load extend/request.js
                                     ▇ [6ms] - #38 Require(32) E:/YSY/UG/node_modules/.pnpm/egg@3.31.0/node_modules/egg/app/extend/request.js
                                     ▇ [29ms] - #39 Load extend/response.js
                                     ▇ [6ms] - #40 Require(33) E:/YSY/UG/node_modules/.pnpm/egg@3.31.0/node_modules/egg/app/extend/response.js
                                      ▇ [128ms] - #41 Load extend/context.js
                                      ▇ [37ms] - #42 Require(34) E:/YSY/UG/node_modules/.pnpm/egg-security@3.7.0/node_modules/egg-security/app/extend/context.js
                                      ▇ [7ms] - #43 Require(35) E:/YSY/UG/node_modules/.pnpm/egg-jsonp@2.0.0/node_modules/egg-jsonp/app/extend/context.js
                                      ▇ [1ms] - #44 Require(36) E:/YSY/UG/node_modules/.pnpm/egg-i18n@2.1.1/node_modules/egg-i18n/app/extend/context.js
                                      ▇ [53ms] - #45 Require(37) E:/YSY/UG/node_modules/.pnpm/egg-multipart@3.5.0/node_modules/egg-multipart/app/extend/context.js
                                      ▇ [2ms] - #46 Require(38) E:/YSY/UG/node_modules/.pnpm/egg-view@2.1.4/node_modules/egg-view/app/extend/context.js
                                      ▇ [1ms] - #47 Require(39) E:/YSY/UG/node_modules/.pnpm/egg-validate@2.0.2/node_modules/egg-validate/app/extend/context.js
                                      ▇ [5ms] - #48 Require(40) E:/YSY/UG/node_modules/.pnpm/egg@3.31.0/node_modules/egg/app/extend/context.js
                                      ▇ [56ms] - #49 Load extend/helper.js
                                      ▇ [36ms] - #50 Require(41) E:/YSY/UG/node_modules/.pnpm/egg-security@3.7.0/node_modules/egg-security/app/extend/helper.js
                                       ▇ [0ms] - #51 Require(42) E:/YSY/UG/node_modules/.pnpm/egg@3.31.0/node_modules/egg/app/extend/helper.js
                                       ▇ [292ms] - #52 Load app.js
                                       ▇ [1ms] - #53 Require(43) E:/YSY/UG/node_modules/.pnpm/egg-session@3.3.0/node_modules/egg-session/app.js
                                       ▇ [4ms] - #54 Require(44) E:/YSY/UG/node_modules/.pnpm/egg-security@3.7.0/node_modules/egg-security/app.js
                                       ▇ [28ms] - #55 Require(45) E:/YSY/UG/node_modules/.pnpm/egg-onerror@2.4.0/node_modules/egg-onerror/app.js
                                       ▇ [30ms] - #56 Require(46) E:/YSY/UG/node_modules/.pnpm/egg-i18n@2.1.1/node_modules/egg-i18n/app.js
                                       ▇ [12ms] - #57 Require(47) E:/YSY/UG/node_modules/.pnpm/egg-watcher@3.1.1/node_modules/egg-watcher/app.js
                                       ▇ [1ms] - #58 Require(48) E:/YSY/UG/node_modules/.pnpm/egg-schedule@4.0.1/node_modules/egg-schedule/app.js
                                       ▇ [2ms] - #59 Require(49) E:/YSY/UG/node_modules/.pnpm/egg-multipart@3.5.0/node_modules/egg-multipart/app.js
                                       ▇ [0ms] - #60 Require(50) E:/YSY/UG/node_modules/.pnpm/egg-development@3.0.2/node_modules/egg-development/app.js
                                       ▇ [6ms] - #61 Require(51) E:/YSY/UG/node_modules/.pnpm/egg-logrotator@3.2.0/node_modules/egg-logrotator/app.js
                                       ▇ [1ms] - #62 Require(52) E:/YSY/UG/node_modules/.pnpm/egg-static@2.3.1/node_modules/egg-static/app.js
                                       ▇ [1ms] - #63 Require(53) E:/YSY/UG/node_modules/.pnpm/egg-sequelize@5.2.2/node_modules/egg-sequelize/app.js
                                       ▇ [1ms] - #64 Require(54) E:/YSY/UG/node_modules/.pnpm/egg-jwt@3.1.7/node_modules/egg-jwt/app.js
                                       ▇ [1ms] - #65 Require(55) E:/YSY/UG/node_modules/.pnpm/egg-cors@3.0.1/node_modules/egg-cors/app.js
                                       ▇ [4ms] - #66 Require(56) E:/YSY/UG/node_modules/.pnpm/egg-validate@2.0.2/node_modules/egg-validate/app.js
                                       ▇ [187ms] - #67 Require(57) app.ts
                                        ▇▇▇▇▇▇▇▇ [1659ms] - #68 Before Start in E:/YSY/UG/node_modules/.pnpm/egg-watcher@3.1.1/node_modules/egg-watcher/lib/init.js:15:14
                                              ▇ [2ms] - #69 Load "Symbol(model)" to Application
                                              ▇▇▇ [618ms] - #70 Before Start in E:/YSY/UG/node_modules/.pnpm/egg-sequelize@5.2.2/node_modules/egg-sequelize/lib/loader.js:39:7
                                              ▇▇ [463ms] - #71 Did Load in app.ts:didLoad
                                              ▇ [19ms] - #72 Load Service
                                              ▇ [19ms] - #73 Load "service" to Context
                                              ▇ [267ms] - #74 Load Middleware
                                              ▇ [238ms] - #75 Load "middlewares" to Application
                                                ▇ [31ms] - #76 Load Controller
                                                ▇ [31ms] - #77 Load "controller" to Application
                                                ▇ [54ms] - #78 Load Router
                                                ▇ [51ms] - #79 Require(58) app/router.ts
                                                ▇ [93ms] - #80 Before Start in E:/YSY/UG/node_modules/.pnpm/egg-core@5.5.1/node_modules/egg-core/lib/egg.js:328:10
                                                 ▇ [0ms] - #81 Will Ready in app.ts:willReady
2025-09-11 01:31:56,058 WARN 30016 [egg:core][slow-boot-action] #1 6497ms, name: Application Start
2025-09-11 01:31:56,059 INFO 30016 [egg:core] dump config after ready, 12ms
2025-09-11 01:38:57,565 INFO 19284 [egg:logger] init all loggers with options: {"dir":"e:\\YSY\\UG\\backend\\logs\\ug-backend","encoding":"utf8","env":"local","level":"INFO","consoleLevel":"INFO","disableConsoleAfterReady":false,"outputJSON":false,"buffer":true,"appLogName":"ug-backend-web.log","coreLogName":"egg-web.log","agentLogName":"egg-agent.log","errorLogName":"common-error.log","coreLogger":{"consoleLevel":"WARN"},"allowDebugAtProd":false,"enablePerformanceTimer":false,"enableFastContextLogger":false,"type":"application","localStorage":{"enabled":false}}
2025-09-11 01:38:57,566 INFO 19284 [egg-multipart] stream mode enable
2025-09-11 01:38:58,895 INFO 19284 [egg-static] starting static serve /public/ -> e:\YSY\UG\backend\app\public
2025-09-11 01:38:58,902 INFO 19284 [egg-security] use methodnoallow middleware
2025-09-11 01:38:58,903 INFO 19284 [egg-security] use noopen middleware
2025-09-11 01:38:58,909 INFO 19284 [egg-security] use nosniff middleware
2025-09-11 01:38:58,912 INFO 19284 [egg-security] use xssProtection middleware
2025-09-11 01:38:58,916 INFO 19284 [egg-security] use xframe middleware
2025-09-11 01:38:58,918 INFO 19284 [egg-security] use dta middleware
2025-09-11 01:38:58,918 INFO 19284 [egg-security] compose 6 middlewares into one security middleware
2025-09-11 01:38:59,020 INFO 19284 [egg:core] dump config after load, 14ms
2025-09-11 01:38:59,288 INFO 19284 [egg-watcher:application] watcher start success
2025-09-11 01:38:59,342 INFO 19284 egg start timeline:
▇▇▇▇▇▇▇▇▇▇▇▇ [2592ms] - #0 Process Start
            ▇▇▇▇▇▇▇▇▇▇▇▇▇▇▇▇▇▇▇▇▇▇▇▇▇▇▇▇▇▇▇▇▇▇▇▇▇ [7859ms] - #1 Application Start
            ▇ [115ms] - #2 Load Plugin
             ▇▇▇▇▇▇▇▇▇▇▇▇▇▇▇▇▇▇▇▇▇ [4432ms] - #3 Load Config
             ▇▇▇▇▇▇▇▇▇▇▇▇▇▇▇▇▇▇▇▇ [4290ms] - #4 Require(0) config/config.default.ts
                                 ▇ [60ms] - #5 Require(1) config/config.local.ts
                                 ▇ [1ms] - #6 Require(2) E:/YSY/UG/node_modules/.pnpm/egg-session@3.3.0/node_modules/egg-session/config/config.default.js
                                  ▇ [1ms] - #7 Require(3) E:/YSY/UG/node_modules/.pnpm/egg-security@3.7.0/node_modules/egg-security/config/config.default.js
                                  ▇ [3ms] - #8 Require(4) E:/YSY/UG/node_modules/.pnpm/egg-jsonp@2.0.0/node_modules/egg-jsonp/config/config.default.js
                                  ▇ [2ms] - #9 Require(5) E:/YSY/UG/node_modules/.pnpm/egg-onerror@2.4.0/node_modules/egg-onerror/config/config.default.js
                                  ▇ [1ms] - #10 Require(6) E:/YSY/UG/node_modules/.pnpm/egg-i18n@2.1.1/node_modules/egg-i18n/config/config.default.js
                                  ▇ [1ms] - #11 Require(7) E:/YSY/UG/node_modules/.pnpm/egg-watcher@3.1.1/node_modules/egg-watcher/config/config.default.js
                                  ▇ [1ms] - #12 Require(8) E:/YSY/UG/node_modules/.pnpm/egg-schedule@4.0.1/node_modules/egg-schedule/config/config.default.js
                                  ▇ [3ms] - #13 Require(9) E:/YSY/UG/node_modules/.pnpm/egg-multipart@3.5.0/node_modules/egg-multipart/config/config.default.js
                                  ▇ [1ms] - #14 Require(10) E:/YSY/UG/node_modules/.pnpm/egg-development@3.0.2/node_modules/egg-development/config/config.default.js
                                  ▇ [1ms] - #15 Require(11) E:/YSY/UG/node_modules/.pnpm/egg-logrotator@3.2.0/node_modules/egg-logrotator/config/config.default.js
                                  ▇ [1ms] - #16 Require(12) E:/YSY/UG/node_modules/.pnpm/egg-static@2.3.1/node_modules/egg-static/config/config.default.js
                                  ▇ [1ms] - #17 Require(13) E:/YSY/UG/node_modules/.pnpm/egg-view@2.1.4/node_modules/egg-view/config/config.default.js
                                  ▇ [2ms] - #18 Require(14) E:/YSY/UG/node_modules/.pnpm/egg-sequelize@5.2.2/node_modules/egg-sequelize/config/config.default.js
                                  ▇ [1ms] - #19 Require(15) E:/YSY/UG/node_modules/.pnpm/egg-jwt@3.1.7/node_modules/egg-jwt/config/config.default.js
                                  ▇ [1ms] - #20 Require(16) E:/YSY/UG/node_modules/.pnpm/egg-cors@3.0.1/node_modules/egg-cors/config/config.default.js
                                  ▇ [1ms] - #21 Require(17) E:/YSY/UG/node_modules/.pnpm/egg-validate@2.0.2/node_modules/egg-validate/config/config.default.js
                                  ▇ [1ms] - #22 Require(18) E:/YSY/UG/node_modules/.pnpm/egg@3.31.0/node_modules/egg/config/config.default.js
                                  ▇ [0ms] - #23 Require(19) config/config.default.ts
                                  ▇ [1ms] - #24 Require(20) E:/YSY/UG/node_modules/.pnpm/egg-security@3.7.0/node_modules/egg-security/config/config.local.js
                                  ▇ [1ms] - #25 Require(21) E:/YSY/UG/node_modules/.pnpm/egg-watcher@3.1.1/node_modules/egg-watcher/config/config.local.js
                                  ▇ [0ms] - #26 Require(22) E:/YSY/UG/node_modules/.pnpm/egg-view@2.1.4/node_modules/egg-view/config/config.local.js
                                  ▇ [1ms] - #27 Require(23) E:/YSY/UG/node_modules/.pnpm/egg@3.31.0/node_modules/egg/config/config.local.js
                                  ▇ [0ms] - #28 Require(24) config/config.local.ts
                                  ▇ [254ms] - #29 Load extend/application.js
                                  ▇ [1ms] - #30 Require(25) E:/YSY/UG/node_modules/.pnpm/egg-session@3.3.0/node_modules/egg-session/app/extend/application.js
                                  ▇ [2ms] - #31 Require(26) E:/YSY/UG/node_modules/.pnpm/egg-security@3.7.0/node_modules/egg-security/app/extend/application.js
                                  ▇ [5ms] - #32 Require(27) E:/YSY/UG/node_modules/.pnpm/egg-jsonp@2.0.0/node_modules/egg-jsonp/app/extend/application.js
                                  ▇ [7ms] - #33 Require(28) E:/YSY/UG/node_modules/.pnpm/egg-schedule@4.0.1/node_modules/egg-schedule/app/extend/application.js
                                  ▇ [8ms] - #34 Require(29) E:/YSY/UG/node_modules/.pnpm/egg-logrotator@3.2.0/node_modules/egg-logrotator/app/extend/application.js
                                  ▇ [5ms] - #35 Require(30) E:/YSY/UG/node_modules/.pnpm/egg-view@2.1.4/node_modules/egg-view/app/extend/application.js
                                  ▇ [174ms] - #36 Require(31) E:/YSY/UG/node_modules/.pnpm/egg-jwt@3.1.7/node_modules/egg-jwt/app/extend/application.js
                                   ▇ [50ms] - #37 Load extend/request.js
                                   ▇ [6ms] - #38 Require(32) E:/YSY/UG/node_modules/.pnpm/egg@3.31.0/node_modules/egg/app/extend/request.js
                                   ▇ [92ms] - #39 Load extend/response.js
                                   ▇ [16ms] - #40 Require(33) E:/YSY/UG/node_modules/.pnpm/egg@3.31.0/node_modules/egg/app/extend/response.js
                                    ▇▇ [515ms] - #41 Load extend/context.js
                                    ▇ [152ms] - #42 Require(34) E:/YSY/UG/node_modules/.pnpm/egg-security@3.7.0/node_modules/egg-security/app/extend/context.js
                                    ▇ [35ms] - #43 Require(35) E:/YSY/UG/node_modules/.pnpm/egg-jsonp@2.0.0/node_modules/egg-jsonp/app/extend/context.js
                                     ▇ [1ms] - #44 Require(36) E:/YSY/UG/node_modules/.pnpm/egg-i18n@2.1.1/node_modules/egg-i18n/app/extend/context.js
                                     ▇ [183ms] - #45 Require(37) E:/YSY/UG/node_modules/.pnpm/egg-multipart@3.5.0/node_modules/egg-multipart/app/extend/context.js
                                      ▇ [3ms] - #46 Require(38) E:/YSY/UG/node_modules/.pnpm/egg-view@2.1.4/node_modules/egg-view/app/extend/context.js
                                      ▇ [1ms] - #47 Require(39) E:/YSY/UG/node_modules/.pnpm/egg-validate@2.0.2/node_modules/egg-validate/app/extend/context.js
                                      ▇ [17ms] - #48 Require(40) E:/YSY/UG/node_modules/.pnpm/egg@3.31.0/node_modules/egg/app/extend/context.js
                                      ▇ [202ms] - #49 Load extend/helper.js
                                      ▇ [136ms] - #50 Require(41) E:/YSY/UG/node_modules/.pnpm/egg-security@3.7.0/node_modules/egg-security/app/extend/helper.js
                                       ▇ [1ms] - #51 Require(42) E:/YSY/UG/node_modules/.pnpm/egg@3.31.0/node_modules/egg/app/extend/helper.js
                                       ▇ [382ms] - #52 Load app.js
                                       ▇ [1ms] - #53 Require(43) E:/YSY/UG/node_modules/.pnpm/egg-session@3.3.0/node_modules/egg-session/app.js
                                       ▇ [7ms] - #54 Require(44) E:/YSY/UG/node_modules/.pnpm/egg-security@3.7.0/node_modules/egg-security/app.js
                                       ▇ [46ms] - #55 Require(45) E:/YSY/UG/node_modules/.pnpm/egg-onerror@2.4.0/node_modules/egg-onerror/app.js
                                       ▇ [53ms] - #56 Require(46) E:/YSY/UG/node_modules/.pnpm/egg-i18n@2.1.1/node_modules/egg-i18n/app.js
                                        ▇ [14ms] - #57 Require(47) E:/YSY/UG/node_modules/.pnpm/egg-watcher@3.1.1/node_modules/egg-watcher/app.js
                                        ▇ [2ms] - #58 Require(48) E:/YSY/UG/node_modules/.pnpm/egg-schedule@4.0.1/node_modules/egg-schedule/app.js
                                        ▇ [6ms] - #59 Require(49) E:/YSY/UG/node_modules/.pnpm/egg-multipart@3.5.0/node_modules/egg-multipart/app.js
                                        ▇ [1ms] - #60 Require(50) E:/YSY/UG/node_modules/.pnpm/egg-development@3.0.2/node_modules/egg-development/app.js
                                        ▇ [0ms] - #61 Require(51) E:/YSY/UG/node_modules/.pnpm/egg-logrotator@3.2.0/node_modules/egg-logrotator/app.js
                                        ▇ [1ms] - #62 Require(52) E:/YSY/UG/node_modules/.pnpm/egg-static@2.3.1/node_modules/egg-static/app.js
                                        ▇ [0ms] - #63 Require(53) E:/YSY/UG/node_modules/.pnpm/egg-sequelize@5.2.2/node_modules/egg-sequelize/app.js
                                        ▇ [2ms] - #64 Require(54) E:/YSY/UG/node_modules/.pnpm/egg-jwt@3.1.7/node_modules/egg-jwt/app.js
                                        ▇ [0ms] - #65 Require(55) E:/YSY/UG/node_modules/.pnpm/egg-cors@3.0.1/node_modules/egg-cors/app.js
                                        ▇ [5ms] - #66 Require(56) E:/YSY/UG/node_modules/.pnpm/egg-validate@2.0.2/node_modules/egg-validate/app.js
                                        ▇ [215ms] - #67 Require(57) app.ts
                                         ▇▇▇▇▇▇▇▇ [1716ms] - #68 Before Start in E:/YSY/UG/node_modules/.pnpm/egg-watcher@3.1.1/node_modules/egg-watcher/lib/init.js:15:14
                                             ▇ [2ms] - #69 Load "Symbol(model)" to Application
                                             ▇▇▇ [826ms] - #70 Before Start in E:/YSY/UG/node_modules/.pnpm/egg-sequelize@5.2.2/node_modules/egg-sequelize/lib/loader.js:39:7
                                             ▇▇ [575ms] - #71 Did Load in app.ts:didLoad
                                             ▇ [28ms] - #72 Load Service
                                             ▇ [28ms] - #73 Load "service" to Context
                                              ▇ [390ms] - #74 Load Middleware
                                              ▇ [362ms] - #75 Load "middlewares" to Application
                                               ▇ [29ms] - #76 Load Controller
                                               ▇ [29ms] - #77 Load "controller" to Application
                                                ▇ [57ms] - #78 Load Router
                                                ▇ [54ms] - #79 Require(58) app/router.ts
                                                ▇ [70ms] - #80 Before Start in E:/YSY/UG/node_modules/.pnpm/egg-core@5.5.1/node_modules/egg-core/lib/egg.js:328:10
                                                 ▇ [1ms] - #81 Will Ready in app.ts:willReady
2025-09-11 01:38:59,342 WARN 19284 [egg:core][slow-boot-action] #1 7859ms, name: Application Start
2025-09-11 01:38:59,343 INFO 19284 [egg:core] dump config after ready, 13ms
2025-09-11 01:44:43,951 INFO 24920 [egg:logger] init all loggers with options: {"dir":"e:\\YSY\\UG\\backend\\logs\\ug-backend","encoding":"utf8","env":"local","level":"INFO","consoleLevel":"INFO","disableConsoleAfterReady":false,"outputJSON":false,"buffer":true,"appLogName":"ug-backend-web.log","coreLogName":"egg-web.log","agentLogName":"egg-agent.log","errorLogName":"common-error.log","coreLogger":{"consoleLevel":"WARN"},"allowDebugAtProd":false,"enablePerformanceTimer":false,"enableFastContextLogger":false,"type":"application","localStorage":{"enabled":false}}
2025-09-11 01:44:43,951 INFO 24920 [egg-multipart] stream mode enable
2025-09-11 01:44:45,127 INFO 24920 [egg-static] starting static serve /public/ -> e:\YSY\UG\backend\app\public
2025-09-11 01:44:45,132 INFO 24920 [egg-security] use methodnoallow middleware
2025-09-11 01:44:45,134 INFO 24920 [egg-security] use noopen middleware
2025-09-11 01:44:45,143 INFO 24920 [egg-security] use nosniff middleware
2025-09-11 01:44:45,144 INFO 24920 [egg-security] use xssProtection middleware
2025-09-11 01:44:45,145 INFO 24920 [egg-security] use xframe middleware
2025-09-11 01:44:45,146 INFO 24920 [egg-security] use dta middleware
2025-09-11 01:44:45,146 INFO 24920 [egg-security] compose 6 middlewares into one security middleware
2025-09-11 01:44:45,216 INFO 24920 [egg:core] dump config after load, 7ms
2025-09-11 01:44:45,306 INFO 24920 [egg-watcher:application] watcher start success
2025-09-11 01:44:45,348 INFO 24920 egg start timeline:
▇▇▇▇▇▇▇▇▇▇▇▇▇▇▇▇ [2766ms] - #0 Process Start
                ▇▇▇▇▇▇▇▇▇▇▇▇▇▇▇▇▇▇▇▇▇▇▇▇▇▇▇▇▇▇▇▇▇ [5467ms] - #1 Application Start
                 ▇ [104ms] - #2 Load Plugin
                 ▇▇▇▇▇▇▇▇▇▇▇▇▇▇▇▇▇▇▇ [3204ms] - #3 Load Config
                 ▇▇▇▇▇▇▇▇▇▇▇▇▇▇▇▇▇▇ [3104ms] - #4 Require(0) config/config.default.ts
                                    ▇ [33ms] - #5 Require(1) config/config.local.ts
                                    ▇ [1ms] - #6 Require(2) E:/YSY/UG/node_modules/.pnpm/egg-session@3.3.0/node_modules/egg-session/config/config.default.js
                                    ▇ [1ms] - #7 Require(3) E:/YSY/UG/node_modules/.pnpm/egg-security@3.7.0/node_modules/egg-security/config/config.default.js
                                    ▇ [1ms] - #8 Require(4) E:/YSY/UG/node_modules/.pnpm/egg-jsonp@2.0.0/node_modules/egg-jsonp/config/config.default.js
                                    ▇ [2ms] - #9 Require(5) E:/YSY/UG/node_modules/.pnpm/egg-onerror@2.4.0/node_modules/egg-onerror/config/config.default.js
                                    ▇ [1ms] - #10 Require(6) E:/YSY/UG/node_modules/.pnpm/egg-i18n@2.1.1/node_modules/egg-i18n/config/config.default.js
                                    ▇ [1ms] - #11 Require(7) E:/YSY/UG/node_modules/.pnpm/egg-watcher@3.1.1/node_modules/egg-watcher/config/config.default.js
                                    ▇ [1ms] - #12 Require(8) E:/YSY/UG/node_modules/.pnpm/egg-schedule@4.0.1/node_modules/egg-schedule/config/config.default.js
                                    ▇ [1ms] - #13 Require(9) E:/YSY/UG/node_modules/.pnpm/egg-multipart@3.5.0/node_modules/egg-multipart/config/config.default.js
                                    ▇ [0ms] - #14 Require(10) E:/YSY/UG/node_modules/.pnpm/egg-development@3.0.2/node_modules/egg-development/config/config.default.js
                                    ▇ [1ms] - #15 Require(11) E:/YSY/UG/node_modules/.pnpm/egg-logrotator@3.2.0/node_modules/egg-logrotator/config/config.default.js
                                    ▇ [1ms] - #16 Require(12) E:/YSY/UG/node_modules/.pnpm/egg-static@2.3.1/node_modules/egg-static/config/config.default.js
                                    ▇ [1ms] - #17 Require(13) E:/YSY/UG/node_modules/.pnpm/egg-view@2.1.4/node_modules/egg-view/config/config.default.js
                                    ▇ [0ms] - #18 Require(14) E:/YSY/UG/node_modules/.pnpm/egg-sequelize@5.2.2/node_modules/egg-sequelize/config/config.default.js
                                    ▇ [1ms] - #19 Require(15) E:/YSY/UG/node_modules/.pnpm/egg-jwt@3.1.7/node_modules/egg-jwt/config/config.default.js
                                    ▇ [2ms] - #20 Require(16) E:/YSY/UG/node_modules/.pnpm/egg-cors@3.0.1/node_modules/egg-cors/config/config.default.js
                                    ▇ [0ms] - #21 Require(17) E:/YSY/UG/node_modules/.pnpm/egg-validate@2.0.2/node_modules/egg-validate/config/config.default.js
                                    ▇ [1ms] - #22 Require(18) E:/YSY/UG/node_modules/.pnpm/egg@3.31.0/node_modules/egg/config/config.default.js
                                    ▇ [0ms] - #23 Require(19) config/config.default.ts
                                    ▇ [1ms] - #24 Require(20) E:/YSY/UG/node_modules/.pnpm/egg-security@3.7.0/node_modules/egg-security/config/config.local.js
                                    ▇ [1ms] - #25 Require(21) E:/YSY/UG/node_modules/.pnpm/egg-watcher@3.1.1/node_modules/egg-watcher/config/config.local.js
                                     ▇ [1ms] - #26 Require(22) E:/YSY/UG/node_modules/.pnpm/egg-view@2.1.4/node_modules/egg-view/config/config.local.js
                                     ▇ [1ms] - #27 Require(23) E:/YSY/UG/node_modules/.pnpm/egg@3.31.0/node_modules/egg/config/config.local.js
                                     ▇ [0ms] - #28 Require(24) config/config.local.ts
                                     ▇ [214ms] - #29 Load extend/application.js
                                     ▇ [1ms] - #30 Require(25) E:/YSY/UG/node_modules/.pnpm/egg-session@3.3.0/node_modules/egg-session/app/extend/application.js
                                     ▇ [5ms] - #31 Require(26) E:/YSY/UG/node_modules/.pnpm/egg-security@3.7.0/node_modules/egg-security/app/extend/application.js
                                     ▇ [6ms] - #32 Require(27) E:/YSY/UG/node_modules/.pnpm/egg-jsonp@2.0.0/node_modules/egg-jsonp/app/extend/application.js
                                     ▇ [9ms] - #33 Require(28) E:/YSY/UG/node_modules/.pnpm/egg-schedule@4.0.1/node_modules/egg-schedule/app/extend/application.js
                                     ▇ [4ms] - #34 Require(29) E:/YSY/UG/node_modules/.pnpm/egg-logrotator@3.2.0/node_modules/egg-logrotator/app/extend/application.js
                                     ▇ [6ms] - #35 Require(30) E:/YSY/UG/node_modules/.pnpm/egg-view@2.1.4/node_modules/egg-view/app/extend/application.js
                                     ▇ [157ms] - #36 Require(31) E:/YSY/UG/node_modules/.pnpm/egg-jwt@3.1.7/node_modules/egg-jwt/app/extend/application.js
                                      ▇ [33ms] - #37 Load extend/request.js
                                      ▇ [4ms] - #38 Require(32) E:/YSY/UG/node_modules/.pnpm/egg@3.31.0/node_modules/egg/app/extend/request.js
                                      ▇ [27ms] - #39 Load extend/response.js
                                      ▇ [5ms] - #40 Require(33) E:/YSY/UG/node_modules/.pnpm/egg@3.31.0/node_modules/egg/app/extend/response.js
                                      ▇ [162ms] - #41 Load extend/context.js
                                      ▇ [38ms] - #42 Require(34) E:/YSY/UG/node_modules/.pnpm/egg-security@3.7.0/node_modules/egg-security/app/extend/context.js
                                      ▇ [4ms] - #43 Require(35) E:/YSY/UG/node_modules/.pnpm/egg-jsonp@2.0.0/node_modules/egg-jsonp/app/extend/context.js
                                       ▇ [2ms] - #44 Require(36) E:/YSY/UG/node_modules/.pnpm/egg-i18n@2.1.1/node_modules/egg-i18n/app/extend/context.js
                                       ▇ [74ms] - #45 Require(37) E:/YSY/UG/node_modules/.pnpm/egg-multipart@3.5.0/node_modules/egg-multipart/app/extend/context.js
                                       ▇ [5ms] - #46 Require(38) E:/YSY/UG/node_modules/.pnpm/egg-view@2.1.4/node_modules/egg-view/app/extend/context.js
                                       ▇ [1ms] - #47 Require(39) E:/YSY/UG/node_modules/.pnpm/egg-validate@2.0.2/node_modules/egg-validate/app/extend/context.js
                                       ▇ [6ms] - #48 Require(40) E:/YSY/UG/node_modules/.pnpm/egg@3.31.0/node_modules/egg/app/extend/context.js
                                       ▇ [75ms] - #49 Load extend/helper.js
                                       ▇ [47ms] - #50 Require(41) E:/YSY/UG/node_modules/.pnpm/egg-security@3.7.0/node_modules/egg-security/app/extend/helper.js
                                        ▇ [1ms] - #51 Require(42) E:/YSY/UG/node_modules/.pnpm/egg@3.31.0/node_modules/egg/app/extend/helper.js
                                        ▇ [216ms] - #52 Load app.js
                                        ▇ [0ms] - #53 Require(43) E:/YSY/UG/node_modules/.pnpm/egg-session@3.3.0/node_modules/egg-session/app.js
                                        ▇ [4ms] - #54 Require(44) E:/YSY/UG/node_modules/.pnpm/egg-security@3.7.0/node_modules/egg-security/app.js
                                        ▇ [28ms] - #55 Require(45) E:/YSY/UG/node_modules/.pnpm/egg-onerror@2.4.0/node_modules/egg-onerror/app.js
                                        ▇ [27ms] - #56 Require(46) E:/YSY/UG/node_modules/.pnpm/egg-i18n@2.1.1/node_modules/egg-i18n/app.js
                                        ▇ [8ms] - #57 Require(47) E:/YSY/UG/node_modules/.pnpm/egg-watcher@3.1.1/node_modules/egg-watcher/app.js
                                        ▇ [1ms] - #58 Require(48) E:/YSY/UG/node_modules/.pnpm/egg-schedule@4.0.1/node_modules/egg-schedule/app.js
                                        ▇ [4ms] - #59 Require(49) E:/YSY/UG/node_modules/.pnpm/egg-multipart@3.5.0/node_modules/egg-multipart/app.js
                                        ▇ [0ms] - #60 Require(50) E:/YSY/UG/node_modules/.pnpm/egg-development@3.0.2/node_modules/egg-development/app.js
                                        ▇ [0ms] - #61 Require(51) E:/YSY/UG/node_modules/.pnpm/egg-logrotator@3.2.0/node_modules/egg-logrotator/app.js
                                        ▇ [0ms] - #62 Require(52) E:/YSY/UG/node_modules/.pnpm/egg-static@2.3.1/node_modules/egg-static/app.js
                                        ▇ [0ms] - #63 Require(53) E:/YSY/UG/node_modules/.pnpm/egg-sequelize@5.2.2/node_modules/egg-sequelize/app.js
                                        ▇ [0ms] - #64 Require(54) E:/YSY/UG/node_modules/.pnpm/egg-jwt@3.1.7/node_modules/egg-jwt/app.js
                                        ▇ [1ms] - #65 Require(55) E:/YSY/UG/node_modules/.pnpm/egg-cors@3.0.1/node_modules/egg-cors/app.js
                                        ▇ [4ms] - #66 Require(56) E:/YSY/UG/node_modules/.pnpm/egg-validate@2.0.2/node_modules/egg-validate/app.js
                                        ▇ [121ms] - #67 Require(57) app.ts
                                         ▇▇▇▇▇▇▇▇ [1348ms] - #68 Before Start in E:/YSY/UG/node_modules/.pnpm/egg-watcher@3.1.1/node_modules/egg-watcher/lib/init.js:15:14
                                              ▇ [1ms] - #69 Load "Symbol(model)" to Application
                                              ▇▇ [487ms] - #70 Before Start in E:/YSY/UG/node_modules/.pnpm/egg-sequelize@5.2.2/node_modules/egg-sequelize/lib/loader.js:39:7
                                              ▇▇ [400ms] - #71 Did Load in app.ts:didLoad
                                              ▇ [20ms] - #72 Load Service
                                              ▇ [20ms] - #73 Load "service" to Context
                                               ▇ [278ms] - #74 Load Middleware
                                               ▇ [255ms] - #75 Load "middlewares" to Application
                                                ▇ [19ms] - #76 Load Controller
                                                ▇ [19ms] - #77 Load "controller" to Application
                                                ▇ [41ms] - #78 Load Router
                                                ▇ [40ms] - #79 Require(58) app/router.ts
                                                 ▇ [41ms] - #80 Before Start in E:/YSY/UG/node_modules/.pnpm/egg-core@5.5.1/node_modules/egg-core/lib/egg.js:328:10
                                                 ▇ [0ms] - #81 Will Ready in app.ts:willReady
2025-09-11 01:44:45,349 WARN 24920 [egg:core][slow-boot-action] #1 5467ms, name: Application Start
2025-09-11 01:44:45,349 INFO 24920 [egg:core] dump config after ready, 10ms
2025-09-11 01:50:44,319 INFO 24624 [egg:logger] init all loggers with options: {"dir":"e:\\YSY\\UG\\backend\\logs\\ug-backend","encoding":"utf8","env":"local","level":"INFO","consoleLevel":"INFO","disableConsoleAfterReady":false,"outputJSON":false,"buffer":true,"appLogName":"ug-backend-web.log","coreLogName":"egg-web.log","agentLogName":"egg-agent.log","errorLogName":"common-error.log","coreLogger":{"consoleLevel":"WARN"},"allowDebugAtProd":false,"enablePerformanceTimer":false,"enableFastContextLogger":false,"type":"application","localStorage":{"enabled":false}}
2025-09-11 01:50:44,319 INFO 24624 [egg-multipart] stream mode enable
2025-09-11 01:50:45,565 INFO 24624 [egg-static] starting static serve /public/ -> e:\YSY\UG\backend\app\public
2025-09-11 01:50:45,571 INFO 24624 [egg-security] use methodnoallow middleware
2025-09-11 01:50:45,573 INFO 24624 [egg-security] use noopen middleware
2025-09-11 01:50:45,586 INFO 24624 [egg-security] use nosniff middleware
2025-09-11 01:50:45,588 INFO 24624 [egg-security] use xssProtection middleware
2025-09-11 01:50:45,590 INFO 24624 [egg-security] use xframe middleware
2025-09-11 01:50:45,593 INFO 24624 [egg-security] use dta middleware
2025-09-11 01:50:45,594 INFO 24624 [egg-security] compose 6 middlewares into one security middleware
2025-09-11 01:50:45,674 INFO 24624 [egg:core] dump config after load, 7ms
2025-09-11 01:50:45,761 INFO 24624 [egg-watcher:application] watcher start success
2025-09-11 01:50:45,792 INFO 24624 egg start timeline:
▇▇▇▇▇▇▇▇▇▇▇▇▇▇▇ [2564ms] - #0 Process Start
               ▇▇▇▇▇▇▇▇▇▇▇▇▇▇▇▇▇▇▇▇▇▇▇▇▇▇▇▇▇▇▇▇▇▇ [5881ms] - #1 Application Start
               ▇ [131ms] - #2 Load Plugin
                ▇▇▇▇▇▇▇▇▇▇▇▇▇▇▇▇▇▇▇▇ [3487ms] - #3 Load Config
                ▇▇▇▇▇▇▇▇▇▇▇▇▇▇▇▇▇▇▇▇ [3388ms] - #4 Require(0) config/config.default.ts
                                    ▇ [43ms] - #5 Require(1) config/config.local.ts
                                    ▇ [1ms] - #6 Require(2) E:/YSY/UG/node_modules/.pnpm/egg-session@3.3.0/node_modules/egg-session/config/config.default.js
                                    ▇ [0ms] - #7 Require(3) E:/YSY/UG/node_modules/.pnpm/egg-security@3.7.0/node_modules/egg-security/config/config.default.js
                                    ▇ [1ms] - #8 Require(4) E:/YSY/UG/node_modules/.pnpm/egg-jsonp@2.0.0/node_modules/egg-jsonp/config/config.default.js
                                    ▇ [1ms] - #9 Require(5) E:/YSY/UG/node_modules/.pnpm/egg-onerror@2.4.0/node_modules/egg-onerror/config/config.default.js
                                    ▇ [0ms] - #10 Require(6) E:/YSY/UG/node_modules/.pnpm/egg-i18n@2.1.1/node_modules/egg-i18n/config/config.default.js
                                    ▇ [1ms] - #11 Require(7) E:/YSY/UG/node_modules/.pnpm/egg-watcher@3.1.1/node_modules/egg-watcher/config/config.default.js
                                    ▇ [0ms] - #12 Require(8) E:/YSY/UG/node_modules/.pnpm/egg-schedule@4.0.1/node_modules/egg-schedule/config/config.default.js
                                    ▇ [1ms] - #13 Require(9) E:/YSY/UG/node_modules/.pnpm/egg-multipart@3.5.0/node_modules/egg-multipart/config/config.default.js
                                    ▇ [1ms] - #14 Require(10) E:/YSY/UG/node_modules/.pnpm/egg-development@3.0.2/node_modules/egg-development/config/config.default.js
                                    ▇ [0ms] - #15 Require(11) E:/YSY/UG/node_modules/.pnpm/egg-logrotator@3.2.0/node_modules/egg-logrotator/config/config.default.js
                                    ▇ [1ms] - #16 Require(12) E:/YSY/UG/node_modules/.pnpm/egg-static@2.3.1/node_modules/egg-static/config/config.default.js
                                    ▇ [1ms] - #17 Require(13) E:/YSY/UG/node_modules/.pnpm/egg-view@2.1.4/node_modules/egg-view/config/config.default.js
                                    ▇ [1ms] - #18 Require(14) E:/YSY/UG/node_modules/.pnpm/egg-sequelize@5.2.2/node_modules/egg-sequelize/config/config.default.js
                                    ▇ [1ms] - #19 Require(15) E:/YSY/UG/node_modules/.pnpm/egg-jwt@3.1.7/node_modules/egg-jwt/config/config.default.js
                                    ▇ [0ms] - #20 Require(16) E:/YSY/UG/node_modules/.pnpm/egg-cors@3.0.1/node_modules/egg-cors/config/config.default.js
                                    ▇ [1ms] - #21 Require(17) E:/YSY/UG/node_modules/.pnpm/egg-validate@2.0.2/node_modules/egg-validate/config/config.default.js
                                    ▇ [1ms] - #22 Require(18) E:/YSY/UG/node_modules/.pnpm/egg@3.31.0/node_modules/egg/config/config.default.js
                                    ▇ [0ms] - #23 Require(19) config/config.default.ts
                                    ▇ [1ms] - #24 Require(20) E:/YSY/UG/node_modules/.pnpm/egg-security@3.7.0/node_modules/egg-security/config/config.local.js
                                    ▇ [1ms] - #25 Require(21) E:/YSY/UG/node_modules/.pnpm/egg-watcher@3.1.1/node_modules/egg-watcher/config/config.local.js
                                    ▇ [0ms] - #26 Require(22) E:/YSY/UG/node_modules/.pnpm/egg-view@2.1.4/node_modules/egg-view/config/config.local.js
                                    ▇ [0ms] - #27 Require(23) E:/YSY/UG/node_modules/.pnpm/egg@3.31.0/node_modules/egg/config/config.local.js
                                    ▇ [0ms] - #28 Require(24) config/config.local.ts
                                    ▇ [163ms] - #29 Load extend/application.js
                                    ▇ [1ms] - #30 Require(25) E:/YSY/UG/node_modules/.pnpm/egg-session@3.3.0/node_modules/egg-session/app/extend/application.js
                                    ▇ [4ms] - #31 Require(26) E:/YSY/UG/node_modules/.pnpm/egg-security@3.7.0/node_modules/egg-security/app/extend/application.js
                                    ▇ [4ms] - #32 Require(27) E:/YSY/UG/node_modules/.pnpm/egg-jsonp@2.0.0/node_modules/egg-jsonp/app/extend/application.js
                                    ▇ [8ms] - #33 Require(28) E:/YSY/UG/node_modules/.pnpm/egg-schedule@4.0.1/node_modules/egg-schedule/app/extend/application.js
                                     ▇ [4ms] - #34 Require(29) E:/YSY/UG/node_modules/.pnpm/egg-logrotator@3.2.0/node_modules/egg-logrotator/app/extend/application.js
                                     ▇ [3ms] - #35 Require(30) E:/YSY/UG/node_modules/.pnpm/egg-view@2.1.4/node_modules/egg-view/app/extend/application.js
                                     ▇ [113ms] - #36 Require(31) E:/YSY/UG/node_modules/.pnpm/egg-jwt@3.1.7/node_modules/egg-jwt/app/extend/application.js
                                     ▇ [34ms] - #37 Load extend/request.js
                                     ▇ [9ms] - #38 Require(32) E:/YSY/UG/node_modules/.pnpm/egg@3.31.0/node_modules/egg/app/extend/request.js
                                      ▇ [30ms] - #39 Load extend/response.js
                                      ▇ [5ms] - #40 Require(33) E:/YSY/UG/node_modules/.pnpm/egg@3.31.0/node_modules/egg/app/extend/response.js
                                      ▇ [158ms] - #41 Load extend/context.js
                                      ▇ [40ms] - #42 Require(34) E:/YSY/UG/node_modules/.pnpm/egg-security@3.7.0/node_modules/egg-security/app/extend/context.js
                                      ▇ [8ms] - #43 Require(35) E:/YSY/UG/node_modules/.pnpm/egg-jsonp@2.0.0/node_modules/egg-jsonp/app/extend/context.js
                                      ▇ [1ms] - #44 Require(36) E:/YSY/UG/node_modules/.pnpm/egg-i18n@2.1.1/node_modules/egg-i18n/app/extend/context.js
                                      ▇ [72ms] - #45 Require(37) E:/YSY/UG/node_modules/.pnpm/egg-multipart@3.5.0/node_modules/egg-multipart/app/extend/context.js
                                      ▇ [2ms] - #46 Require(38) E:/YSY/UG/node_modules/.pnpm/egg-view@2.1.4/node_modules/egg-view/app/extend/context.js
                                       ▇ [1ms] - #47 Require(39) E:/YSY/UG/node_modules/.pnpm/egg-validate@2.0.2/node_modules/egg-validate/app/extend/context.js
                                       ▇ [5ms] - #48 Require(40) E:/YSY/UG/node_modules/.pnpm/egg@3.31.0/node_modules/egg/app/extend/context.js
                                       ▇ [83ms] - #49 Load extend/helper.js
                                       ▇ [53ms] - #50 Require(41) E:/YSY/UG/node_modules/.pnpm/egg-security@3.7.0/node_modules/egg-security/app/extend/helper.js
                                       ▇ [1ms] - #51 Require(42) E:/YSY/UG/node_modules/.pnpm/egg@3.31.0/node_modules/egg/app/extend/helper.js
                                       ▇ [264ms] - #52 Load app.js
                                       ▇ [1ms] - #53 Require(43) E:/YSY/UG/node_modules/.pnpm/egg-session@3.3.0/node_modules/egg-session/app.js
                                       ▇ [5ms] - #54 Require(44) E:/YSY/UG/node_modules/.pnpm/egg-security@3.7.0/node_modules/egg-security/app.js
                                       ▇ [40ms] - #55 Require(45) E:/YSY/UG/node_modules/.pnpm/egg-onerror@2.4.0/node_modules/egg-onerror/app.js
                                       ▇ [38ms] - #56 Require(46) E:/YSY/UG/node_modules/.pnpm/egg-i18n@2.1.1/node_modules/egg-i18n/app.js
                                        ▇ [11ms] - #57 Require(47) E:/YSY/UG/node_modules/.pnpm/egg-watcher@3.1.1/node_modules/egg-watcher/app.js
                                        ▇ [2ms] - #58 Require(48) E:/YSY/UG/node_modules/.pnpm/egg-schedule@4.0.1/node_modules/egg-schedule/app.js
                                        ▇ [3ms] - #59 Require(49) E:/YSY/UG/node_modules/.pnpm/egg-multipart@3.5.0/node_modules/egg-multipart/app.js
                                        ▇ [0ms] - #60 Require(50) E:/YSY/UG/node_modules/.pnpm/egg-development@3.0.2/node_modules/egg-development/app.js
                                        ▇ [0ms] - #61 Require(51) E:/YSY/UG/node_modules/.pnpm/egg-logrotator@3.2.0/node_modules/egg-logrotator/app.js
                                        ▇ [0ms] - #62 Require(52) E:/YSY/UG/node_modules/.pnpm/egg-static@2.3.1/node_modules/egg-static/app.js
                                        ▇ [0ms] - #63 Require(53) E:/YSY/UG/node_modules/.pnpm/egg-sequelize@5.2.2/node_modules/egg-sequelize/app.js
                                        ▇ [0ms] - #64 Require(54) E:/YSY/UG/node_modules/.pnpm/egg-jwt@3.1.7/node_modules/egg-jwt/app.js
                                        ▇ [2ms] - #65 Require(55) E:/YSY/UG/node_modules/.pnpm/egg-cors@3.0.1/node_modules/egg-cors/app.js
                                        ▇ [5ms] - #66 Require(56) E:/YSY/UG/node_modules/.pnpm/egg-validate@2.0.2/node_modules/egg-validate/app.js
                                        ▇ [139ms] - #67 Require(57) app.ts
                                         ▇▇▇▇▇▇▇▇ [1437ms] - #68 Before Start in E:/YSY/UG/node_modules/.pnpm/egg-watcher@3.1.1/node_modules/egg-watcher/lib/init.js:15:14
                                              ▇ [1ms] - #69 Load "Symbol(model)" to Application
                                              ▇▇▇ [544ms] - #70 Before Start in E:/YSY/UG/node_modules/.pnpm/egg-sequelize@5.2.2/node_modules/egg-sequelize/lib/loader.js:39:7
                                              ▇▇ [474ms] - #71 Did Load in app.ts:didLoad
                                              ▇ [26ms] - #72 Load Service
                                              ▇ [26ms] - #73 Load "service" to Context
                                              ▇ [329ms] - #74 Load Middleware
                                              ▇ [296ms] - #75 Load "middlewares" to Application
                                                ▇ [24ms] - #76 Load Controller
                                                ▇ [24ms] - #77 Load "controller" to Application
                                                ▇ [47ms] - #78 Load Router
                                                ▇ [45ms] - #79 Require(58) app/router.ts
                                                 ▇ [48ms] - #80 Before Start in E:/YSY/UG/node_modules/.pnpm/egg-core@5.5.1/node_modules/egg-core/lib/egg.js:328:10
                                                 ▇ [0ms] - #81 Will Ready in app.ts:willReady
2025-09-11 01:50:45,793 WARN 24624 [egg:core][slow-boot-action] #1 5881ms, name: Application Start
2025-09-11 01:50:45,796 INFO 24624 [egg:core] dump config after ready, 11ms
