2025-09-11 00:57:13,872 INFO 5944 [egg-schedule]: register schedule E:\YSY\UG\node_modules\.pnpm\egg-multipart@3.5.0\node_modules\egg-multipart\app\schedule\clean_tmpdir.js
2025-09-11 00:57:13,872 INFO 5944 [egg-schedule]: register schedule E:\YSY\UG\node_modules\.pnpm\egg-logrotator@3.2.0\node_modules\egg-logrotator\app\schedule\clean_log.js
2025-09-11 00:57:13,872 INFO 5944 [egg-schedule]: register schedule E:\YSY\UG\node_modules\.pnpm\egg-logrotator@3.2.0\node_modules\egg-logrotator\app\schedule\rotate_by_file.js
2025-09-11 00:57:16,374 INFO 24116 [Timer] E:\YSY\UG\node_modules\.pnpm\egg-multipart@3.5.0\node_modules\egg-multipart\app\schedule\clean_tmpdir.js next time will execute after 12763633ms at 2025-09-11 04:30:00.006
2025-09-11 00:57:16,375 INFO 24116 [Timer] E:\YSY\UG\node_modules\.pnpm\egg-logrotator@3.2.0\node_modules\egg-logrotator\app\schedule\clean_log.js next time will execute after 82963626ms at 2025-09-12 00:00:00.001
2025-09-11 00:57:16,376 INFO 24116 [Timer] E:\YSY\UG\node_modules\.pnpm\egg-logrotator@3.2.0\node_modules\egg-logrotator\app\schedule\rotate_by_file.js next time will execute after 82964625ms at 2025-09-12 00:00:01.001
2025-09-11 01:03:19,946 INFO 9936 [egg-schedule]: register schedule E:\YSY\UG\node_modules\.pnpm\egg-multipart@3.5.0\node_modules\egg-multipart\app\schedule\clean_tmpdir.js
2025-09-11 01:03:19,947 INFO 9936 [egg-schedule]: register schedule E:\YSY\UG\node_modules\.pnpm\egg-logrotator@3.2.0\node_modules\egg-logrotator\app\schedule\clean_log.js
2025-09-11 01:03:19,948 INFO 9936 [egg-schedule]: register schedule E:\YSY\UG\node_modules\.pnpm\egg-logrotator@3.2.0\node_modules\egg-logrotator\app\schedule\rotate_by_file.js
2025-09-11 01:03:23,002 INFO 34636 [Timer] E:\YSY\UG\node_modules\.pnpm\egg-multipart@3.5.0\node_modules\egg-multipart\app\schedule\clean_tmpdir.js next time will execute after 12397004ms at 2025-09-11 04:30:00.006
2025-09-11 01:03:23,004 INFO 34636 [Timer] E:\YSY\UG\node_modules\.pnpm\egg-logrotator@3.2.0\node_modules\egg-logrotator\app\schedule\clean_log.js next time will execute after 82596998ms at 2025-09-12 00:00:00.002
2025-09-11 01:03:23,005 INFO 34636 [Timer] E:\YSY\UG\node_modules\.pnpm\egg-logrotator@3.2.0\node_modules\egg-logrotator\app\schedule\rotate_by_file.js next time will execute after 82597996ms at 2025-09-12 00:00:01.001
2025-09-11 01:03:22,402 INFO 30024 [egg-schedule]: register schedule E:\YSY\UG\node_modules\.pnpm\egg-multipart@3.5.0\node_modules\egg-multipart\app\schedule\clean_tmpdir.js
2025-09-11 01:03:22,402 INFO 30024 [egg-schedule]: register schedule E:\YSY\UG\node_modules\.pnpm\egg-logrotator@3.2.0\node_modules\egg-logrotator\app\schedule\clean_log.js
2025-09-11 01:03:22,402 INFO 30024 [egg-schedule]: register schedule E:\YSY\UG\node_modules\.pnpm\egg-logrotator@3.2.0\node_modules\egg-logrotator\app\schedule\rotate_by_file.js
2025-09-11 01:06:02,045 INFO 6920 [egg-schedule]: register schedule E:\YSY\UG\node_modules\.pnpm\egg-multipart@3.5.0\node_modules\egg-multipart\app\schedule\clean_tmpdir.js
2025-09-11 01:06:02,045 INFO 6920 [egg-schedule]: register schedule E:\YSY\UG\node_modules\.pnpm\egg-logrotator@3.2.0\node_modules\egg-logrotator\app\schedule\clean_log.js
2025-09-11 01:06:02,045 INFO 6920 [egg-schedule]: register schedule E:\YSY\UG\node_modules\.pnpm\egg-logrotator@3.2.0\node_modules\egg-logrotator\app\schedule\rotate_by_file.js
2025-09-11 01:06:03,521 INFO 33956 [Timer] E:\YSY\UG\node_modules\.pnpm\egg-multipart@3.5.0\node_modules\egg-multipart\app\schedule\clean_tmpdir.js next time will execute after 12236484ms at 2025-09-11 04:30:00.005
2025-09-11 01:06:03,522 INFO 33956 [Timer] E:\YSY\UG\node_modules\.pnpm\egg-logrotator@3.2.0\node_modules\egg-logrotator\app\schedule\clean_log.js next time will execute after 82436479ms at 2025-09-12 00:00:00.001
2025-09-11 01:06:03,522 INFO 33956 [Timer] E:\YSY\UG\node_modules\.pnpm\egg-logrotator@3.2.0\node_modules\egg-logrotator\app\schedule\rotate_by_file.js next time will execute after 82437478ms at 2025-09-12 00:00:01.000
2025-09-11 01:31:54,578 INFO 30016 [egg-schedule]: register schedule E:\YSY\UG\node_modules\.pnpm\egg-multipart@3.5.0\node_modules\egg-multipart\app\schedule\clean_tmpdir.js
2025-09-11 01:31:54,579 INFO 30016 [egg-schedule]: register schedule E:\YSY\UG\node_modules\.pnpm\egg-logrotator@3.2.0\node_modules\egg-logrotator\app\schedule\clean_log.js
2025-09-11 01:31:54,579 INFO 30016 [egg-schedule]: register schedule E:\YSY\UG\node_modules\.pnpm\egg-logrotator@3.2.0\node_modules\egg-logrotator\app\schedule\rotate_by_file.js
2025-09-11 01:31:56,074 INFO 18332 [Timer] E:\YSY\UG\node_modules\.pnpm\egg-multipart@3.5.0\node_modules\egg-multipart\app\schedule\clean_tmpdir.js next time will execute after 10683932ms at 2025-09-11 04:30:00.005
2025-09-11 01:31:56,075 INFO 18332 [Timer] E:\YSY\UG\node_modules\.pnpm\egg-logrotator@3.2.0\node_modules\egg-logrotator\app\schedule\clean_log.js next time will execute after 80883926ms at 2025-09-12 00:00:00.001
2025-09-11 01:31:56,076 INFO 18332 [Timer] E:\YSY\UG\node_modules\.pnpm\egg-logrotator@3.2.0\node_modules\egg-logrotator\app\schedule\rotate_by_file.js next time will execute after 80884925ms at 2025-09-12 00:00:01.001
2025-09-11 01:38:57,641 INFO 19284 [egg-schedule]: register schedule E:\YSY\UG\node_modules\.pnpm\egg-multipart@3.5.0\node_modules\egg-multipart\app\schedule\clean_tmpdir.js
2025-09-11 01:38:57,642 INFO 19284 [egg-schedule]: register schedule E:\YSY\UG\node_modules\.pnpm\egg-logrotator@3.2.0\node_modules\egg-logrotator\app\schedule\clean_log.js
2025-09-11 01:38:57,642 INFO 19284 [egg-schedule]: register schedule E:\YSY\UG\node_modules\.pnpm\egg-logrotator@3.2.0\node_modules\egg-logrotator\app\schedule\rotate_by_file.js
2025-09-11 01:38:59,371 INFO 13100 [Timer] E:\YSY\UG\node_modules\.pnpm\egg-multipart@3.5.0\node_modules\egg-multipart\app\schedule\clean_tmpdir.js next time will execute after 10260634ms at 2025-09-11 04:30:00.005
2025-09-11 01:38:59,372 INFO 13100 [Timer] E:\YSY\UG\node_modules\.pnpm\egg-logrotator@3.2.0\node_modules\egg-logrotator\app\schedule\clean_log.js next time will execute after 80460629ms at 2025-09-12 00:00:00.001
2025-09-11 01:38:59,373 INFO 13100 [Timer] E:\YSY\UG\node_modules\.pnpm\egg-logrotator@3.2.0\node_modules\egg-logrotator\app\schedule\rotate_by_file.js next time will execute after 80461628ms at 2025-09-12 00:00:01.001
2025-09-11 01:44:44,025 INFO 24920 [egg-schedule]: register schedule E:\YSY\UG\node_modules\.pnpm\egg-multipart@3.5.0\node_modules\egg-multipart\app\schedule\clean_tmpdir.js
2025-09-11 01:44:44,025 INFO 24920 [egg-schedule]: register schedule E:\YSY\UG\node_modules\.pnpm\egg-logrotator@3.2.0\node_modules\egg-logrotator\app\schedule\clean_log.js
2025-09-11 01:44:44,025 INFO 24920 [egg-schedule]: register schedule E:\YSY\UG\node_modules\.pnpm\egg-logrotator@3.2.0\node_modules\egg-logrotator\app\schedule\rotate_by_file.js
2025-09-11 01:44:45,368 INFO 23288 [Timer] E:\YSY\UG\node_modules\.pnpm\egg-multipart@3.5.0\node_modules\egg-multipart\app\schedule\clean_tmpdir.js next time will execute after 9914637ms at 2025-09-11 04:30:00.004
2025-09-11 01:44:45,369 INFO 23288 [Timer] E:\YSY\UG\node_modules\.pnpm\egg-logrotator@3.2.0\node_modules\egg-logrotator\app\schedule\clean_log.js next time will execute after 80114632ms at 2025-09-12 00:00:00.001
2025-09-11 01:44:45,370 INFO 23288 [Timer] E:\YSY\UG\node_modules\.pnpm\egg-logrotator@3.2.0\node_modules\egg-logrotator\app\schedule\rotate_by_file.js next time will execute after 80115631ms at 2025-09-12 00:00:01.001
2025-09-11 01:50:44,401 INFO 24624 [egg-schedule]: register schedule E:\YSY\UG\node_modules\.pnpm\egg-multipart@3.5.0\node_modules\egg-multipart\app\schedule\clean_tmpdir.js
2025-09-11 01:50:44,401 INFO 24624 [egg-schedule]: register schedule E:\YSY\UG\node_modules\.pnpm\egg-logrotator@3.2.0\node_modules\egg-logrotator\app\schedule\clean_log.js
2025-09-11 01:50:44,401 INFO 24624 [egg-schedule]: register schedule E:\YSY\UG\node_modules\.pnpm\egg-logrotator@3.2.0\node_modules\egg-logrotator\app\schedule\rotate_by_file.js
